Waf: Entering directory `/home/nico/Program/Mininet/ns3/ns-allinone-3.22/ns-3.22/build'
Waf: Leaving directory `/home/nico/Program/Mininet/ns3/ns-allinone-3.22/ns-3.22/build'
'build' finished successfully (1.033s)
0s -1 Ipv4L3Protocol:Ipv4L3Protocol(0x1339d90)
0s -1 Ipv4L3Protocol:SetIpForward(0x1339d90, 1)
0s -1 Ipv4L3Protocol:SetWeakEsModel(0x1339d90, 1)
0s -1 Ipv4L3Protocol:NotifyNewAggregate(0x1339d90)
0s -1 Ipv4L3Protocol:SetNode(0x1339d90, 0x1337d80)
0s -1 Ipv4L3Protocol:SetupLoopback(0x1339d90)
0s -1 Ipv4L3Protocol:AddIpv4Interface(0x1339d90, 0x1338eb0)
0s -1 Ipv4L3Protocol:NotifyNewAggregate(0x1339d90)
0s -1 Ipv4L3Protocol:Insert(0x1339d90, 0x1339f90)
0s -1 Ipv4L3Protocol:NotifyNewAggregate(0x1339d90)
0s -1 Ipv4L3Protocol:NotifyNewAggregate(0x1339d90)
0s -1 Ipv4L3Protocol:SetRoutingProtocol(0x1339d90, 0x1338f20)
0s -1 Ipv4L3Protocol:GetNInterfaces(0x1339d90)
0s -1 Ipv4L3Protocol:IsUp(0x1339d90, 0)
0s -1 Ipv4L3Protocol:GetInterface(0x1339d90, 0)
0s -1 Ipv4L3Protocol:GetNAddresses(0x1339d90, 0)
0s -1 Ipv4L3Protocol:GetInterface(0x1339d90, 0)
0s -1 Ipv4L3Protocol:GetAddress(0x1339d90, 0, 0)
0s -1 Ipv4L3Protocol:GetInterface(0x1339d90, 0)
0s -1 Ipv4L3Protocol:GetAddress(0x1339d90, 0, 0)
0s -1 Ipv4L3Protocol:GetInterface(0x1339d90, 0)
0s -1 Ipv4L3Protocol:GetAddress(0x1339d90, 0, 0)
0s -1 Ipv4L3Protocol:GetInterface(0x1339d90, 0)
0s -1 Ipv4L3Protocol:GetAddress(0x1339d90, 0, 0)
0s -1 Ipv4L3Protocol:GetInterface(0x1339d90, 0)
0s -1 Ipv4L3Protocol:GetAddress(0x1339d90, 0, 0)
0s -1 Ipv4L3Protocol:GetInterface(0x1339d90, 0)
0s -1 Ipv4L3Protocol:GetAddress(0x1339d90, 0, 0)
0s -1 Ipv4L3Protocol:GetInterface(0x1339d90, 0)
0s -1 Ipv4L3Protocol:GetNAddresses(0x1339d90, 0)
0s -1 Ipv4L3Protocol:GetInterface(0x1339d90, 0)
0s -1 Ipv4L3Protocol:GetNInterfaces(0x1339d90)
0s -1 Ipv4L3Protocol:NotifyNewAggregate(0x1339d90)
0s -1 Ipv4L3Protocol:NotifyNewAggregate(0x1339d90)
0s -1 Ipv4L3Protocol:NotifyNewAggregate(0x1339d90)
0s -1 Ipv4L3Protocol:NotifyNewAggregate(0x1339d90)
0s -1 Ipv4L3Protocol:NotifyNewAggregate(0x1339d90)
0s -1 Ipv4L3Protocol:NotifyNewAggregate(0x1339d90)
0s -1 Ipv4L3Protocol:NotifyNewAggregate(0x1339d90)
0s -1 Ipv4L3Protocol:NotifyNewAggregate(0x1339d90)
0s -1 Ipv4L3Protocol:Insert(0x1339d90, 0x133b080)
0s -1 Ipv4L3Protocol:NotifyNewAggregate(0x1339d90)
0s -1 Ipv4L3Protocol:NotifyNewAggregate(0x1339d90)
0s -1 Ipv4L3Protocol:Insert(0x1339d90, 0x133b010)
0s -1 Ipv4L3Protocol:NotifyNewAggregate(0x1339d90)
0s -1 Ipv4L3Protocol:Ipv4L3Protocol(0x133ba10)
0s -1 Ipv4L3Protocol:SetIpForward(0x133ba10, 1)
0s -1 Ipv4L3Protocol:SetWeakEsModel(0x133ba10, 1)
0s -1 Ipv4L3Protocol:NotifyNewAggregate(0x133ba10)
0s -1 Ipv4L3Protocol:SetNode(0x133ba10, 0x13370f0)
0s -1 Ipv4L3Protocol:SetupLoopback(0x133ba10)
0s -1 Ipv4L3Protocol:AddIpv4Interface(0x133ba10, 0x133b130)
0s -1 Ipv4L3Protocol:NotifyNewAggregate(0x133ba10)
0s -1 Ipv4L3Protocol:Insert(0x133ba10, 0x133b750)
0s -1 Ipv4L3Protocol:NotifyNewAggregate(0x133ba10)
0s -1 Ipv4L3Protocol:NotifyNewAggregate(0x133ba10)
0s -1 Ipv4L3Protocol:SetRoutingProtocol(0x133ba10, 0x133b3a0)
0s -1 Ipv4L3Protocol:GetNInterfaces(0x133ba10)
0s -1 Ipv4L3Protocol:IsUp(0x133ba10, 0)
0s -1 Ipv4L3Protocol:GetInterface(0x133ba10, 0)
0s -1 Ipv4L3Protocol:GetNAddresses(0x133ba10, 0)
0s -1 Ipv4L3Protocol:GetInterface(0x133ba10, 0)
0s -1 Ipv4L3Protocol:GetAddress(0x133ba10, 0, 0)
0s -1 Ipv4L3Protocol:GetInterface(0x133ba10, 0)
0s -1 Ipv4L3Protocol:GetAddress(0x133ba10, 0, 0)
0s -1 Ipv4L3Protocol:GetInterface(0x133ba10, 0)
0s -1 Ipv4L3Protocol:GetAddress(0x133ba10, 0, 0)
0s -1 Ipv4L3Protocol:GetInterface(0x133ba10, 0)
0s -1 Ipv4L3Protocol:GetAddress(0x133ba10, 0, 0)
0s -1 Ipv4L3Protocol:GetInterface(0x133ba10, 0)
0s -1 Ipv4L3Protocol:GetAddress(0x133ba10, 0, 0)
0s -1 Ipv4L3Protocol:GetInterface(0x133ba10, 0)
0s -1 Ipv4L3Protocol:GetAddress(0x133ba10, 0, 0)
0s -1 Ipv4L3Protocol:GetInterface(0x133ba10, 0)
0s -1 Ipv4L3Protocol:GetNAddresses(0x133ba10, 0)
0s -1 Ipv4L3Protocol:GetInterface(0x133ba10, 0)
0s -1 Ipv4L3Protocol:GetNInterfaces(0x133ba10)
0s -1 Ipv4L3Protocol:NotifyNewAggregate(0x133ba10)
0s -1 Ipv4L3Protocol:NotifyNewAggregate(0x133ba10)
0s -1 Ipv4L3Protocol:NotifyNewAggregate(0x133ba10)
0s -1 Ipv4L3Protocol:NotifyNewAggregate(0x133ba10)
0s -1 Ipv4L3Protocol:NotifyNewAggregate(0x133ba10)
0s -1 Ipv4L3Protocol:NotifyNewAggregate(0x133ba10)
0s -1 Ipv4L3Protocol:NotifyNewAggregate(0x133ba10)
0s -1 Ipv4L3Protocol:NotifyNewAggregate(0x133ba10)
0s -1 Ipv4L3Protocol:Insert(0x133ba10, 0x133ccc0)
0s -1 Ipv4L3Protocol:NotifyNewAggregate(0x133ba10)
0s -1 Ipv4L3Protocol:NotifyNewAggregate(0x133ba10)
0s -1 Ipv4L3Protocol:Insert(0x133ba10, 0x133cc50)
0s -1 Ipv4L3Protocol:NotifyNewAggregate(0x133ba10)
0s -1 Ipv4L3Protocol:GetInterfaceForDevice(0x1339d90, 0x13383a0)
0s -1 Ipv4L3Protocol:AddInterface(0x1339d90, 0x13383a0)
0s -1 Ipv4L3Protocol:AddIpv4Interface(0x1339d90, 0x133cd70)
0s -1 Ipv4L3Protocol:AddAddress(0x1339d90, 1, m_local=7.1.0.1; m_mask=255.255.255.0; m_broadcast=7.1.0.255; m_scope=2; m_secondary=0)
0s -1 Ipv4L3Protocol:GetInterface(0x1339d90, 1)
0s -1 Ipv4L3Protocol:IsUp(0x1339d90, 1)
0s -1 Ipv4L3Protocol:GetInterface(0x1339d90, 1)
0s -1 Ipv4L3Protocol:SetMetric(0x1339d90, 1, 1)
0s -1 Ipv4L3Protocol:GetInterface(0x1339d90, 1)
0s -1 Ipv4L3Protocol:SetUp(0x1339d90, 1)
0s -1 Ipv4L3Protocol:GetInterface(0x1339d90, 1)
0s -1 Ipv4L3Protocol:GetNAddresses(0x1339d90, 1)
0s -1 Ipv4L3Protocol:GetInterface(0x1339d90, 1)
0s -1 Ipv4L3Protocol:GetAddress(0x1339d90, 1, 0)
0s -1 Ipv4L3Protocol:GetInterface(0x1339d90, 1)
0s -1 Ipv4L3Protocol:GetAddress(0x1339d90, 1, 0)
0s -1 Ipv4L3Protocol:GetInterface(0x1339d90, 1)
0s -1 Ipv4L3Protocol:GetAddress(0x1339d90, 1, 0)
0s -1 Ipv4L3Protocol:GetInterface(0x1339d90, 1)
0s -1 Ipv4L3Protocol:GetAddress(0x1339d90, 1, 0)
0s -1 Ipv4L3Protocol:GetInterface(0x1339d90, 1)
0s -1 Ipv4L3Protocol:GetAddress(0x1339d90, 1, 0)
0s -1 Ipv4L3Protocol:GetInterface(0x1339d90, 1)
0s -1 Ipv4L3Protocol:GetAddress(0x1339d90, 1, 0)
0s -1 Ipv4L3Protocol:GetInterface(0x1339d90, 1)
0s -1 Ipv4L3Protocol:GetNAddresses(0x1339d90, 1)
0s -1 Ipv4L3Protocol:GetInterface(0x1339d90, 1)
0s -1 Ipv4L3Protocol:GetInterfaceForDevice(0x133ba10, 0x1338810)
0s -1 Ipv4L3Protocol:AddInterface(0x133ba10, 0x1338810)
0s -1 Ipv4L3Protocol:AddIpv4Interface(0x133ba10, 0x133de70)
0s -1 Ipv4L3Protocol:AddAddress(0x133ba10, 1, m_local=7.1.0.2; m_mask=255.255.255.0; m_broadcast=7.1.0.255; m_scope=2; m_secondary=0)
0s -1 Ipv4L3Protocol:GetInterface(0x133ba10, 1)
0s -1 Ipv4L3Protocol:IsUp(0x133ba10, 1)
0s -1 Ipv4L3Protocol:GetInterface(0x133ba10, 1)
0s -1 Ipv4L3Protocol:SetMetric(0x133ba10, 1, 1)
0s -1 Ipv4L3Protocol:GetInterface(0x133ba10, 1)
0s -1 Ipv4L3Protocol:SetUp(0x133ba10, 1)
0s -1 Ipv4L3Protocol:GetInterface(0x133ba10, 1)
0s -1 Ipv4L3Protocol:GetNAddresses(0x133ba10, 1)
0s -1 Ipv4L3Protocol:GetInterface(0x133ba10, 1)
0s -1 Ipv4L3Protocol:GetAddress(0x133ba10, 1, 0)
0s -1 Ipv4L3Protocol:GetInterface(0x133ba10, 1)
0s -1 Ipv4L3Protocol:GetAddress(0x133ba10, 1, 0)
0s -1 Ipv4L3Protocol:GetInterface(0x133ba10, 1)
0s -1 Ipv4L3Protocol:GetAddress(0x133ba10, 1, 0)
0s -1 Ipv4L3Protocol:GetInterface(0x133ba10, 1)
0s -1 Ipv4L3Protocol:GetAddress(0x133ba10, 1, 0)
0s -1 Ipv4L3Protocol:GetInterface(0x133ba10, 1)
0s -1 Ipv4L3Protocol:GetAddress(0x133ba10, 1, 0)
0s -1 Ipv4L3Protocol:GetInterface(0x133ba10, 1)
0s -1 Ipv4L3Protocol:GetAddress(0x133ba10, 1, 0)
0s -1 Ipv4L3Protocol:GetInterface(0x133ba10, 1)
0s -1 Ipv4L3Protocol:GetNAddresses(0x133ba10, 1)
0s -1 Ipv4L3Protocol:GetInterface(0x133ba10, 1)
0s -1 Ipv4L3Protocol:Ipv4L3Protocol(0x133f9c0)
0s -1 Ipv4L3Protocol:SetIpForward(0x133f9c0, 1)
0s -1 Ipv4L3Protocol:SetWeakEsModel(0x133f9c0, 1)
0s -1 Ipv4L3Protocol:NotifyNewAggregate(0x133f9c0)
0s -1 Ipv4L3Protocol:SetNode(0x133f9c0, 0x1337230)
0s -1 Ipv4L3Protocol:SetupLoopback(0x133f9c0)
0s -1 Ipv4L3Protocol:AddIpv4Interface(0x133f9c0, 0x133f3c0)
0s -1 Ipv4L3Protocol:NotifyNewAggregate(0x133f9c0)
0s -1 Ipv4L3Protocol:Insert(0x133f9c0, 0x133f5e0)
0s -1 Ipv4L3Protocol:NotifyNewAggregate(0x133f9c0)
0s -1 Ipv4L3Protocol:NotifyNewAggregate(0x133f9c0)
0s -1 Ipv4L3Protocol:SetRoutingProtocol(0x133f9c0, 0x133f430)
0s -1 Ipv4L3Protocol:GetNInterfaces(0x133f9c0)
0s -1 Ipv4L3Protocol:IsUp(0x133f9c0, 0)
0s -1 Ipv4L3Protocol:GetInterface(0x133f9c0, 0)
0s -1 Ipv4L3Protocol:GetNAddresses(0x133f9c0, 0)
0s -1 Ipv4L3Protocol:GetInterface(0x133f9c0, 0)
0s -1 Ipv4L3Protocol:GetAddress(0x133f9c0, 0, 0)
0s -1 Ipv4L3Protocol:GetInterface(0x133f9c0, 0)
0s -1 Ipv4L3Protocol:GetAddress(0x133f9c0, 0, 0)
0s -1 Ipv4L3Protocol:GetInterface(0x133f9c0, 0)
0s -1 Ipv4L3Protocol:GetAddress(0x133f9c0, 0, 0)
0s -1 Ipv4L3Protocol:GetInterface(0x133f9c0, 0)
0s -1 Ipv4L3Protocol:GetAddress(0x133f9c0, 0, 0)
0s -1 Ipv4L3Protocol:GetInterface(0x133f9c0, 0)
0s -1 Ipv4L3Protocol:GetAddress(0x133f9c0, 0, 0)
0s -1 Ipv4L3Protocol:GetInterface(0x133f9c0, 0)
0s -1 Ipv4L3Protocol:GetAddress(0x133f9c0, 0, 0)
0s -1 Ipv4L3Protocol:GetInterface(0x133f9c0, 0)
0s -1 Ipv4L3Protocol:GetNAddresses(0x133f9c0, 0)
0s -1 Ipv4L3Protocol:GetInterface(0x133f9c0, 0)
0s -1 Ipv4L3Protocol:GetNInterfaces(0x133f9c0)
0s -1 Ipv4L3Protocol:NotifyNewAggregate(0x133f9c0)
0s -1 Ipv4L3Protocol:NotifyNewAggregate(0x133f9c0)
0s -1 Ipv4L3Protocol:NotifyNewAggregate(0x133f9c0)
0s -1 Ipv4L3Protocol:NotifyNewAggregate(0x133f9c0)
0s -1 Ipv4L3Protocol:NotifyNewAggregate(0x133f9c0)
0s -1 Ipv4L3Protocol:NotifyNewAggregate(0x133f9c0)
0s -1 Ipv4L3Protocol:NotifyNewAggregate(0x133f9c0)
0s -1 Ipv4L3Protocol:NotifyNewAggregate(0x133f9c0)
0s -1 Ipv4L3Protocol:Insert(0x133f9c0, 0x1340c70)
0s -1 Ipv4L3Protocol:NotifyNewAggregate(0x133f9c0)
0s -1 Ipv4L3Protocol:NotifyNewAggregate(0x133f9c0)
0s -1 Ipv4L3Protocol:Insert(0x133f9c0, 0x1340c00)
0s -1 Ipv4L3Protocol:NotifyNewAggregate(0x133f9c0)
0s -1 Ipv4L3Protocol:Ipv4L3Protocol(0x1341600)
0s -1 Ipv4L3Protocol:SetIpForward(0x1341600, 1)
0s -1 Ipv4L3Protocol:SetWeakEsModel(0x1341600, 1)
0s -1 Ipv4L3Protocol:NotifyNewAggregate(0x1341600)
0s -1 Ipv4L3Protocol:SetNode(0x1341600, 0x1337360)
0s -1 Ipv4L3Protocol:SetupLoopback(0x1341600)
0s -1 Ipv4L3Protocol:AddIpv4Interface(0x1341600, 0x1340d20)
0s -1 Ipv4L3Protocol:NotifyNewAggregate(0x1341600)
0s -1 Ipv4L3Protocol:Insert(0x1341600, 0x1341340)
0s -1 Ipv4L3Protocol:NotifyNewAggregate(0x1341600)
0s -1 Ipv4L3Protocol:NotifyNewAggregate(0x1341600)
0s -1 Ipv4L3Protocol:SetRoutingProtocol(0x1341600, 0x1340f90)
0s -1 Ipv4L3Protocol:GetNInterfaces(0x1341600)
0s -1 Ipv4L3Protocol:IsUp(0x1341600, 0)
0s -1 Ipv4L3Protocol:GetInterface(0x1341600, 0)
0s -1 Ipv4L3Protocol:GetNAddresses(0x1341600, 0)
0s -1 Ipv4L3Protocol:GetInterface(0x1341600, 0)
0s -1 Ipv4L3Protocol:GetAddress(0x1341600, 0, 0)
0s -1 Ipv4L3Protocol:GetInterface(0x1341600, 0)
0s -1 Ipv4L3Protocol:GetAddress(0x1341600, 0, 0)
0s -1 Ipv4L3Protocol:GetInterface(0x1341600, 0)
0s -1 Ipv4L3Protocol:GetAddress(0x1341600, 0, 0)
0s -1 Ipv4L3Protocol:GetInterface(0x1341600, 0)
0s -1 Ipv4L3Protocol:GetAddress(0x1341600, 0, 0)
0s -1 Ipv4L3Protocol:GetInterface(0x1341600, 0)
0s -1 Ipv4L3Protocol:GetAddress(0x1341600, 0, 0)
0s -1 Ipv4L3Protocol:GetInterface(0x1341600, 0)
0s -1 Ipv4L3Protocol:GetAddress(0x1341600, 0, 0)
0s -1 Ipv4L3Protocol:GetInterface(0x1341600, 0)
0s -1 Ipv4L3Protocol:GetNAddresses(0x1341600, 0)
0s -1 Ipv4L3Protocol:GetInterface(0x1341600, 0)
0s -1 Ipv4L3Protocol:GetNInterfaces(0x1341600)
0s -1 Ipv4L3Protocol:NotifyNewAggregate(0x1341600)
0s -1 Ipv4L3Protocol:NotifyNewAggregate(0x1341600)
0s -1 Ipv4L3Protocol:NotifyNewAggregate(0x1341600)
0s -1 Ipv4L3Protocol:NotifyNewAggregate(0x1341600)
0s -1 Ipv4L3Protocol:NotifyNewAggregate(0x1341600)
0s -1 Ipv4L3Protocol:NotifyNewAggregate(0x1341600)
0s -1 Ipv4L3Protocol:NotifyNewAggregate(0x1341600)
0s -1 Ipv4L3Protocol:NotifyNewAggregate(0x1341600)
0s -1 Ipv4L3Protocol:Insert(0x1341600, 0x13428b0)
0s -1 Ipv4L3Protocol:NotifyNewAggregate(0x1341600)
0s -1 Ipv4L3Protocol:NotifyNewAggregate(0x1341600)
0s -1 Ipv4L3Protocol:Insert(0x1341600, 0x1342840)
0s -1 Ipv4L3Protocol:NotifyNewAggregate(0x1341600)
0s -1 Ipv4L3Protocol:GetInterfaceForDevice(0x133f9c0, 0x133e8e0)
0s -1 Ipv4L3Protocol:AddInterface(0x133f9c0, 0x133e8e0)
0s -1 Ipv4L3Protocol:AddIpv4Interface(0x133f9c0, 0x1342960)
0s -1 Ipv4L3Protocol:AddAddress(0x133f9c0, 1, m_local=7.2.0.1; m_mask=255.255.255.0; m_broadcast=7.2.0.255; m_scope=2; m_secondary=0)
0s -1 Ipv4L3Protocol:GetInterface(0x133f9c0, 1)
0s -1 Ipv4L3Protocol:IsUp(0x133f9c0, 1)
0s -1 Ipv4L3Protocol:GetInterface(0x133f9c0, 1)
0s -1 Ipv4L3Protocol:SetMetric(0x133f9c0, 1, 1)
0s -1 Ipv4L3Protocol:GetInterface(0x133f9c0, 1)
0s -1 Ipv4L3Protocol:SetUp(0x133f9c0, 1)
0s -1 Ipv4L3Protocol:GetInterface(0x133f9c0, 1)
0s -1 Ipv4L3Protocol:GetNAddresses(0x133f9c0, 1)
0s -1 Ipv4L3Protocol:GetInterface(0x133f9c0, 1)
0s -1 Ipv4L3Protocol:GetAddress(0x133f9c0, 1, 0)
0s -1 Ipv4L3Protocol:GetInterface(0x133f9c0, 1)
0s -1 Ipv4L3Protocol:GetAddress(0x133f9c0, 1, 0)
0s -1 Ipv4L3Protocol:GetInterface(0x133f9c0, 1)
0s -1 Ipv4L3Protocol:GetAddress(0x133f9c0, 1, 0)
0s -1 Ipv4L3Protocol:GetInterface(0x133f9c0, 1)
0s -1 Ipv4L3Protocol:GetAddress(0x133f9c0, 1, 0)
0s -1 Ipv4L3Protocol:GetInterface(0x133f9c0, 1)
0s -1 Ipv4L3Protocol:GetAddress(0x133f9c0, 1, 0)
0s -1 Ipv4L3Protocol:GetInterface(0x133f9c0, 1)
0s -1 Ipv4L3Protocol:GetAddress(0x133f9c0, 1, 0)
0s -1 Ipv4L3Protocol:GetInterface(0x133f9c0, 1)
0s -1 Ipv4L3Protocol:GetNAddresses(0x133f9c0, 1)
0s -1 Ipv4L3Protocol:GetInterface(0x133f9c0, 1)
0s -1 Ipv4L3Protocol:GetInterfaceForDevice(0x1341600, 0x133ed60)
0s -1 Ipv4L3Protocol:AddInterface(0x1341600, 0x133ed60)
0s -1 Ipv4L3Protocol:AddIpv4Interface(0x1341600, 0x1343760)
0s -1 Ipv4L3Protocol:AddAddress(0x1341600, 1, m_local=7.2.0.2; m_mask=255.255.255.0; m_broadcast=7.2.0.255; m_scope=2; m_secondary=0)
0s -1 Ipv4L3Protocol:GetInterface(0x1341600, 1)
0s -1 Ipv4L3Protocol:IsUp(0x1341600, 1)
0s -1 Ipv4L3Protocol:GetInterface(0x1341600, 1)
0s -1 Ipv4L3Protocol:SetMetric(0x1341600, 1, 1)
0s -1 Ipv4L3Protocol:GetInterface(0x1341600, 1)
0s -1 Ipv4L3Protocol:SetUp(0x1341600, 1)
0s -1 Ipv4L3Protocol:GetInterface(0x1341600, 1)
0s -1 Ipv4L3Protocol:GetNAddresses(0x1341600, 1)
0s -1 Ipv4L3Protocol:GetInterface(0x1341600, 1)
0s -1 Ipv4L3Protocol:GetAddress(0x1341600, 1, 0)
0s -1 Ipv4L3Protocol:GetInterface(0x1341600, 1)
0s -1 Ipv4L3Protocol:GetAddress(0x1341600, 1, 0)
0s -1 Ipv4L3Protocol:GetInterface(0x1341600, 1)
0s -1 Ipv4L3Protocol:GetAddress(0x1341600, 1, 0)
0s -1 Ipv4L3Protocol:GetInterface(0x1341600, 1)
0s -1 Ipv4L3Protocol:GetAddress(0x1341600, 1, 0)
0s -1 Ipv4L3Protocol:GetInterface(0x1341600, 1)
0s -1 Ipv4L3Protocol:GetAddress(0x1341600, 1, 0)
0s -1 Ipv4L3Protocol:GetInterface(0x1341600, 1)
0s -1 Ipv4L3Protocol:GetAddress(0x1341600, 1, 0)
0s -1 Ipv4L3Protocol:GetInterface(0x1341600, 1)
0s -1 Ipv4L3Protocol:GetNAddresses(0x1341600, 1)
0s -1 Ipv4L3Protocol:GetInterface(0x1341600, 1)
0s -1 Ipv4L3Protocol:GetInterfaceForDevice(0x133ba10, 0x1344750)
0s -1 Ipv4L3Protocol:AddInterface(0x133ba10, 0x1344750)
0s -1 Ipv4L3Protocol:AddIpv4Interface(0x133ba10, 0x1337540)
0s -1 Ipv4L3Protocol:AddAddress(0x133ba10, 2, m_local=10.1.1.1; m_mask=255.255.255.0; m_broadcast=10.1.1.255; m_scope=2; m_secondary=0)
0s -1 Ipv4L3Protocol:GetInterface(0x133ba10, 2)
0s -1 Ipv4L3Protocol:IsUp(0x133ba10, 2)
0s -1 Ipv4L3Protocol:GetInterface(0x133ba10, 2)
0s -1 Ipv4L3Protocol:SetMetric(0x133ba10, 2, 1)
0s -1 Ipv4L3Protocol:GetInterface(0x133ba10, 2)
0s -1 Ipv4L3Protocol:SetUp(0x133ba10, 2)
0s -1 Ipv4L3Protocol:GetInterface(0x133ba10, 2)
0s -1 Ipv4L3Protocol:GetNAddresses(0x133ba10, 2)
0s -1 Ipv4L3Protocol:GetInterface(0x133ba10, 2)
0s -1 Ipv4L3Protocol:GetAddress(0x133ba10, 2, 0)
0s -1 Ipv4L3Protocol:GetInterface(0x133ba10, 2)
0s -1 Ipv4L3Protocol:GetAddress(0x133ba10, 2, 0)
0s -1 Ipv4L3Protocol:GetInterface(0x133ba10, 2)
0s -1 Ipv4L3Protocol:GetAddress(0x133ba10, 2, 0)
0s -1 Ipv4L3Protocol:GetInterface(0x133ba10, 2)
0s -1 Ipv4L3Protocol:GetAddress(0x133ba10, 2, 0)
0s -1 Ipv4L3Protocol:GetInterface(0x133ba10, 2)
0s -1 Ipv4L3Protocol:GetAddress(0x133ba10, 2, 0)
0s -1 Ipv4L3Protocol:GetInterface(0x133ba10, 2)
0s -1 Ipv4L3Protocol:GetAddress(0x133ba10, 2, 0)
0s -1 Ipv4L3Protocol:GetInterface(0x133ba10, 2)
0s -1 Ipv4L3Protocol:GetNAddresses(0x133ba10, 2)
0s -1 Ipv4L3Protocol:GetInterface(0x133ba10, 2)
0s -1 Ipv4L3Protocol:GetInterfaceForDevice(0x1341600, 0x1348cb0)
0s -1 Ipv4L3Protocol:AddInterface(0x1341600, 0x1348cb0)
0s -1 Ipv4L3Protocol:AddIpv4Interface(0x1341600, 0x134d1a0)
0s -1 Ipv4L3Protocol:AddAddress(0x1341600, 2, m_local=10.1.1.2; m_mask=255.255.255.0; m_broadcast=10.1.1.255; m_scope=2; m_secondary=0)
0s -1 Ipv4L3Protocol:GetInterface(0x1341600, 2)
0s -1 Ipv4L3Protocol:IsUp(0x1341600, 2)
0s -1 Ipv4L3Protocol:GetInterface(0x1341600, 2)
0s -1 Ipv4L3Protocol:SetMetric(0x1341600, 2, 1)
0s -1 Ipv4L3Protocol:GetInterface(0x1341600, 2)
0s -1 Ipv4L3Protocol:SetUp(0x1341600, 2)
0s -1 Ipv4L3Protocol:GetInterface(0x1341600, 2)
0s -1 Ipv4L3Protocol:GetNAddresses(0x1341600, 2)
0s -1 Ipv4L3Protocol:GetInterface(0x1341600, 2)
0s -1 Ipv4L3Protocol:GetAddress(0x1341600, 2, 0)
0s -1 Ipv4L3Protocol:GetInterface(0x1341600, 2)
0s -1 Ipv4L3Protocol:GetAddress(0x1341600, 2, 0)
0s -1 Ipv4L3Protocol:GetInterface(0x1341600, 2)
0s -1 Ipv4L3Protocol:GetAddress(0x1341600, 2, 0)
0s -1 Ipv4L3Protocol:GetInterface(0x1341600, 2)
0s -1 Ipv4L3Protocol:GetAddress(0x1341600, 2, 0)
0s -1 Ipv4L3Protocol:GetInterface(0x1341600, 2)
0s -1 Ipv4L3Protocol:GetAddress(0x1341600, 2, 0)
0s -1 Ipv4L3Protocol:GetInterface(0x1341600, 2)
0s -1 Ipv4L3Protocol:GetAddress(0x1341600, 2, 0)
0s -1 Ipv4L3Protocol:GetInterface(0x1341600, 2)
0s -1 Ipv4L3Protocol:GetNAddresses(0x1341600, 2)
0s -1 Ipv4L3Protocol:GetInterface(0x1341600, 2)
0s -1 Ipv4L3Protocol:GetRoutingProtocol(0x1339d90)
0s -1 Ipv4L3Protocol:GetRoutingProtocol(0x133f9c0)
0s -1 Ipv4L3Protocol:GetRoutingProtocol(0x133ba10)
0s -1 Ipv4L3Protocol:GetRoutingProtocol(0x1341600)
0s -1 Ipv4L3Protocol:GetAddress(0x133ba10, 1, 0)
0s -1 Ipv4L3Protocol:GetInterface(0x133ba10, 1)
0s -1 Ipv4L3Protocol:GetInterfaceForAddress(0x133ba10, 7.1.0.2)
CSMA-MESH Left IP address 1 : 7.1.0.2 1Node ID : 1
0s -1 Ipv4L3Protocol:GetAddress(0x133ba10, 2, 0)
0s -1 Ipv4L3Protocol:GetInterface(0x133ba10, 2)
0s -1 Ipv4L3Protocol:GetInterfaceForAddress(0x133ba10, 10.1.1.1)
CSMA-MESH Left IP address 2 : 10.1.1.1 2Node ID : 1
0s -1 Ipv4L3Protocol:GetAddress(0x1341600, 1, 0)
0s -1 Ipv4L3Protocol:GetInterface(0x1341600, 1)
0s -1 Ipv4L3Protocol:GetInterfaceForAddress(0x1341600, 7.2.0.2)
CSMA-MESH right IP address 1 : 7.2.0.2 1Node ID : 3
0s -1 Ipv4L3Protocol:GetAddress(0x1341600, 2, 0)
0s -1 Ipv4L3Protocol:GetInterface(0x1341600, 2)
0s -1 Ipv4L3Protocol:GetInterfaceForAddress(0x1341600, 10.1.1.2)
CSMA-MESH right IP address 2 : 10.1.1.2 2Node ID : 3
0s -1 Ipv4L3Protocol:GetAddress(0x1339d90, 1, 0)
0s -1 Ipv4L3Protocol:GetInterface(0x1339d90, 1)
0s -1 Ipv4L3Protocol:GetInterfaceForAddress(0x1339d90, 7.1.0.1)
CSMA-Tap Left IP address 1 : 7.1.0.1 1Node ID : 0
0s -1 Ipv4L3Protocol:GetAddress(0x133f9c0, 1, 0)
0s -1 Ipv4L3Protocol:GetInterface(0x133f9c0, 1)
0s -1 Ipv4L3Protocol:GetInterfaceForAddress(0x133f9c0, 7.2.0.1)
CSMA-Tap Right IP address 1 : 7.2.0.1 1Node ID : 2
0s -1 Ipv4L3Protocol:GetAddress(0x1341600, 2, 0)
0s -1 Ipv4L3Protocol:GetInterface(0x1341600, 2)
0s 3 Ipv4L3Protocol:CreateRawSocket(0x1341600)
1s 1 Ipv4L3Protocol:CreateRawSocket(0x133ba10)
1.8s 1 Ipv4L3Protocol:GetRoutingProtocol(0x133ba10)
1.8s 1 Ipv4L3Protocol:GetRoutingProtocol(0x133ba10)
1.8s 1 Ipv4L3Protocol:GetNAddresses(0x133ba10, 2)
1.8s 1 Ipv4L3Protocol:GetInterface(0x133ba10, 2)
1.8s 1 Ipv4L3Protocol:GetAddress(0x133ba10, 2, 0)
1.8s 1 Ipv4L3Protocol:GetInterface(0x133ba10, 2)
1.8s 1 Ipv4L3Protocol:GetNetDevice(0x133ba10, 2)
1.8s 1 Ipv4L3Protocol:GetInterface(0x133ba10, 2)
1.8s 1 Ipv4L3Protocol:GetNAddresses(0x133ba10, 2)
1.8s 1 Ipv4L3Protocol:GetInterface(0x133ba10, 2)
1.8s 1 Ipv4L3Protocol:GetAddress(0x133ba10, 2, 0)
1.8s 1 Ipv4L3Protocol:GetInterface(0x133ba10, 2)
1.8s 1 Ipv4L3Protocol:GetNetDevice(0x133ba10, 2)
1.8s 1 Ipv4L3Protocol:GetInterface(0x133ba10, 2)
1.8s 1 Ipv4L3Protocol:Send(0x133ba10, 0x134f370, 10.1.1.1, 10.1.1.2, 0, 0x134fa10)
1.8s 1 Ipv4L3Protocol:Send(): [INFO ] Send From : 10.1.1.1 to : 10.1.1.200x134fa10
1.8s 1 Ipv4L3Protocol:GetNAddresses(0x133ba10, 0)
1.8s 1 Ipv4L3Protocol:GetInterface(0x133ba10, 0)
1.8s 1 Ipv4L3Protocol:GetAddress(0x133ba10, 0, 0)
1.8s 1 Ipv4L3Protocol:GetInterface(0x133ba10, 0)
1.8s 1 Ipv4L3Protocol:Send(): [LOGIC] Testing address 127.0.0.1 with mask 255.0.0.0
1.8s 1 Ipv4L3Protocol:GetNAddresses(0x133ba10, 0)
1.8s 1 Ipv4L3Protocol:GetInterface(0x133ba10, 0)
1.8s 1 Ipv4L3Protocol:GetNAddresses(0x133ba10, 1)
1.8s 1 Ipv4L3Protocol:GetInterface(0x133ba10, 1)
1.8s 1 Ipv4L3Protocol:GetAddress(0x133ba10, 1, 0)
1.8s 1 Ipv4L3Protocol:GetInterface(0x133ba10, 1)
1.8s 1 Ipv4L3Protocol:Send(): [LOGIC] Testing address 7.1.0.2 with mask 255.255.255.0
1.8s 1 Ipv4L3Protocol:GetNAddresses(0x133ba10, 1)
1.8s 1 Ipv4L3Protocol:GetInterface(0x133ba10, 1)
1.8s 1 Ipv4L3Protocol:GetNAddresses(0x133ba10, 2)
1.8s 1 Ipv4L3Protocol:GetInterface(0x133ba10, 2)
1.8s 1 Ipv4L3Protocol:GetAddress(0x133ba10, 2, 0)
1.8s 1 Ipv4L3Protocol:GetInterface(0x133ba10, 2)
1.8s 1 Ipv4L3Protocol:Send(): [LOGIC] Testing address 10.1.1.1 with mask 255.255.255.0
1.8s 1 Ipv4L3Protocol:GetNAddresses(0x133ba10, 2)
1.8s 1 Ipv4L3Protocol:GetInterface(0x133ba10, 2)
1.8s 1 Ipv4L3Protocol:Send(): [LOGIC] Ipv4L3Protocol::Send case 3:  passed in with route
1.8s 1 Ipv4L3Protocol:BuildHeader(0x133ba10, 10.1.1.1, 10.1.1.2, 0, 1200, 64, 0, 1)
1.8s 1 Ipv4L3Protocol:GetInterfaceForDevice(0x133ba10, 0x1344750)
1.8s 1 Ipv4L3Protocol:SendRealOut(0x133ba10, 0x134fa10, 0x134fbc0, 0x7ffe3d3f2c50)
1.8s 1 Ipv4L3Protocol:GetInterfaceForDevice(0x133ba10, 0x1344750)
1.8s 1 Ipv4L3Protocol:GetInterface(0x133ba10, 2)
1.8s 1 Ipv4L3Protocol:SendRealOut(): [LOGIC] Send via NetDevice ifIndex 2 ipv4InterfaceIndex 2
1.8s 1 Ipv4L3Protocol:SendRealOut(): [LOGIC] Send to destination 10.1.1.2
1.8s 1 OnOffApplication:SendPacket(): [INFO ] At time 1.8s on-off application sent 1200 bytes to 10.1.1.2 port 0 total Tx 1200 bytes
1.8s 1 Ipv4L3Protocol:SelectSourceAddress(0x133ba10, 0x1344750, 10.1.1.2, 2)
1.8s 1 Ipv4L3Protocol:GetInterfaceForDevice(0x133ba10, 0x1344750)
1.8s 1 Ipv4L3Protocol:GetNAddresses(0x133ba10, 2)
1.8s 1 Ipv4L3Protocol:GetInterface(0x133ba10, 2)
1.8s 1 Ipv4L3Protocol:GetAddress(0x133ba10, 2, 0)
1.8s 1 Ipv4L3Protocol:GetInterface(0x133ba10, 2)
1.80275s 3 Ipv4L3Protocol:Receive(0x1341600, 0x1348cb0, 0x134f300, 2048, 02-06-00:00:00:00:00:05, 02-06-00:00:00:00:00:06, 0)
1.80275s 3 Ipv4L3Protocol:Receive(): [INFO ] Packet from 02-06-00:00:00:00:00:05 received on node 3
1.80275s 3 Ipv4L3Protocol:Receive(): [LOGIC] Forwarding to raw socket
1.80275s 3 PacketSink:HandleRead(): [INFO ] At time 1.80275s packet sink received 1220 bytes from 10.1.1.1 port 0 total Rx 1220 bytes
1.80275s 3 Ipv4L3Protocol:GetInterfaceForDevice(0x1341600, 0x1348cb0)
1.80275s 3 Ipv4L3Protocol:GetInterfaceForDevice(0x1341600, 0x1348cb0)
1.80275s 3 Ipv4L3Protocol:IsDestinationAddress(0x1341600, 10.1.1.2, 2)
1.80275s 3 Ipv4L3Protocol:GetNAddresses(0x1341600, 2)
1.80275s 3 Ipv4L3Protocol:GetInterface(0x1341600, 2)
1.80275s 3 Ipv4L3Protocol:GetAddress(0x1341600, 2, 0)
1.80275s 3 Ipv4L3Protocol:GetInterface(0x1341600, 2)
1.80275s 3 Ipv4L3Protocol:IsDestinationAddress(): [LOGIC] For me (destination 10.1.1.2 match)
1.80275s 3 Ipv4L3Protocol:LocalDeliver(0x1341600, 0x13505a0, 0x7ffe3d3f1680, 2)
1.80275s 3 Ipv4L3Protocol:GetProtocol(0x1341600, 0)
2.6s 1 Ipv4L3Protocol:GetRoutingProtocol(0x133ba10)
2.6s 1 Ipv4L3Protocol:GetRoutingProtocol(0x133ba10)
2.6s 1 Ipv4L3Protocol:GetNAddresses(0x133ba10, 2)
2.6s 1 Ipv4L3Protocol:GetInterface(0x133ba10, 2)
2.6s 1 Ipv4L3Protocol:GetAddress(0x133ba10, 2, 0)
2.6s 1 Ipv4L3Protocol:GetInterface(0x133ba10, 2)
2.6s 1 Ipv4L3Protocol:GetNetDevice(0x133ba10, 2)
2.6s 1 Ipv4L3Protocol:GetInterface(0x133ba10, 2)
2.6s 1 Ipv4L3Protocol:GetNAddresses(0x133ba10, 2)
2.6s 1 Ipv4L3Protocol:GetInterface(0x133ba10, 2)
2.6s 1 Ipv4L3Protocol:GetAddress(0x133ba10, 2, 0)
2.6s 1 Ipv4L3Protocol:GetInterface(0x133ba10, 2)
2.6s 1 Ipv4L3Protocol:GetNetDevice(0x133ba10, 2)
2.6s 1 Ipv4L3Protocol:GetInterface(0x133ba10, 2)
2.6s 1 Ipv4L3Protocol:Send(0x133ba10, 0x134f7f0, 10.1.1.1, 10.1.1.2, 0, 0x134fda0)
2.6s 1 Ipv4L3Protocol:Send(): [INFO ] Send From : 10.1.1.1 to : 10.1.1.200x134fda0
2.6s 1 Ipv4L3Protocol:GetNAddresses(0x133ba10, 0)
2.6s 1 Ipv4L3Protocol:GetInterface(0x133ba10, 0)
2.6s 1 Ipv4L3Protocol:GetAddress(0x133ba10, 0, 0)
2.6s 1 Ipv4L3Protocol:GetInterface(0x133ba10, 0)
2.6s 1 Ipv4L3Protocol:Send(): [LOGIC] Testing address 127.0.0.1 with mask 255.0.0.0
2.6s 1 Ipv4L3Protocol:GetNAddresses(0x133ba10, 0)
2.6s 1 Ipv4L3Protocol:GetInterface(0x133ba10, 0)
2.6s 1 Ipv4L3Protocol:GetNAddresses(0x133ba10, 1)
2.6s 1 Ipv4L3Protocol:GetInterface(0x133ba10, 1)
2.6s 1 Ipv4L3Protocol:GetAddress(0x133ba10, 1, 0)
2.6s 1 Ipv4L3Protocol:GetInterface(0x133ba10, 1)
2.6s 1 Ipv4L3Protocol:Send(): [LOGIC] Testing address 7.1.0.2 with mask 255.255.255.0
2.6s 1 Ipv4L3Protocol:GetNAddresses(0x133ba10, 1)
2.6s 1 Ipv4L3Protocol:GetInterface(0x133ba10, 1)
2.6s 1 Ipv4L3Protocol:GetNAddresses(0x133ba10, 2)
2.6s 1 Ipv4L3Protocol:GetInterface(0x133ba10, 2)
2.6s 1 Ipv4L3Protocol:GetAddress(0x133ba10, 2, 0)
2.6s 1 Ipv4L3Protocol:GetInterface(0x133ba10, 2)
2.6s 1 Ipv4L3Protocol:Send(): [LOGIC] Testing address 10.1.1.1 with mask 255.255.255.0
2.6s 1 Ipv4L3Protocol:GetNAddresses(0x133ba10, 2)
2.6s 1 Ipv4L3Protocol:GetInterface(0x133ba10, 2)
2.6s 1 Ipv4L3Protocol:Send(): [LOGIC] Ipv4L3Protocol::Send case 3:  passed in with route
2.6s 1 Ipv4L3Protocol:BuildHeader(0x133ba10, 10.1.1.1, 10.1.1.2, 0, 1200, 64, 0, 1)
2.6s 1 Ipv4L3Protocol:GetInterfaceForDevice(0x133ba10, 0x1344750)
2.6s 1 Ipv4L3Protocol:SendRealOut(0x133ba10, 0x134fda0, 0x134f1f0, 0x7ffe3d3f2c50)
2.6s 1 Ipv4L3Protocol:GetInterfaceForDevice(0x133ba10, 0x1344750)
2.6s 1 Ipv4L3Protocol:GetInterface(0x133ba10, 2)
2.6s 1 Ipv4L3Protocol:SendRealOut(): [LOGIC] Send via NetDevice ifIndex 2 ipv4InterfaceIndex 2
2.6s 1 Ipv4L3Protocol:SendRealOut(): [LOGIC] Send to destination 10.1.1.2
2.6s 1 OnOffApplication:SendPacket(): [INFO ] At time 2.6s on-off application sent 1200 bytes to 10.1.1.2 port 0 total Tx 2400 bytes
2.60172s 3 Ipv4L3Protocol:Receive(0x1341600, 0x1348cb0, 0x134ff10, 2048, 02-06-00:00:00:00:00:05, 02-06-00:00:00:00:00:06, 0)
2.60172s 3 Ipv4L3Protocol:Receive(): [INFO ] Packet from 02-06-00:00:00:00:00:05 received on node 3
2.60172s 3 Ipv4L3Protocol:Receive(): [LOGIC] Forwarding to raw socket
2.60172s 3 PacketSink:HandleRead(): [INFO ] At time 2.60172s packet sink received 1220 bytes from 10.1.1.1 port 0 total Rx 2440 bytes
2.60172s 3 Ipv4L3Protocol:GetInterfaceForDevice(0x1341600, 0x1348cb0)
2.60172s 3 Ipv4L3Protocol:GetInterfaceForDevice(0x1341600, 0x1348cb0)
2.60172s 3 Ipv4L3Protocol:IsDestinationAddress(0x1341600, 10.1.1.2, 2)
2.60172s 3 Ipv4L3Protocol:GetNAddresses(0x1341600, 2)
2.60172s 3 Ipv4L3Protocol:GetInterface(0x1341600, 2)
2.60172s 3 Ipv4L3Protocol:GetAddress(0x1341600, 2, 0)
2.60172s 3 Ipv4L3Protocol:GetInterface(0x1341600, 2)
2.60172s 3 Ipv4L3Protocol:IsDestinationAddress(): [LOGIC] For me (destination 10.1.1.2 match)
2.60172s 3 Ipv4L3Protocol:LocalDeliver(0x1341600, 0x134f7f0, 0x7ffe3d3f1680, 2)
2.60172s 3 Ipv4L3Protocol:GetProtocol(0x1341600, 0)
3.4s 1 Ipv4L3Protocol:GetRoutingProtocol(0x133ba10)
3.4s 1 Ipv4L3Protocol:GetRoutingProtocol(0x133ba10)
3.4s 1 Ipv4L3Protocol:GetNAddresses(0x133ba10, 2)
3.4s 1 Ipv4L3Protocol:GetInterface(0x133ba10, 2)
3.4s 1 Ipv4L3Protocol:GetAddress(0x133ba10, 2, 0)
3.4s 1 Ipv4L3Protocol:GetInterface(0x133ba10, 2)
3.4s 1 Ipv4L3Protocol:GetNetDevice(0x133ba10, 2)
3.4s 1 Ipv4L3Protocol:GetInterface(0x133ba10, 2)
3.4s 1 Ipv4L3Protocol:GetNAddresses(0x133ba10, 2)
3.4s 1 Ipv4L3Protocol:GetInterface(0x133ba10, 2)
3.4s 1 Ipv4L3Protocol:GetAddress(0x133ba10, 2, 0)
3.4s 1 Ipv4L3Protocol:GetInterface(0x133ba10, 2)
3.4s 1 Ipv4L3Protocol:GetNetDevice(0x133ba10, 2)
3.4s 1 Ipv4L3Protocol:GetInterface(0x133ba10, 2)
3.4s 1 Ipv4L3Protocol:Send(0x133ba10, 0x134f370, 10.1.1.1, 10.1.1.2, 0, 0x1350610)
3.4s 1 Ipv4L3Protocol:Send(): [INFO ] Send From : 10.1.1.1 to : 10.1.1.200x1350610
3.4s 1 Ipv4L3Protocol:GetNAddresses(0x133ba10, 0)
3.4s 1 Ipv4L3Protocol:GetInterface(0x133ba10, 0)
3.4s 1 Ipv4L3Protocol:GetAddress(0x133ba10, 0, 0)
3.4s 1 Ipv4L3Protocol:GetInterface(0x133ba10, 0)
3.4s 1 Ipv4L3Protocol:Send(): [LOGIC] Testing address 127.0.0.1 with mask 255.0.0.0
3.4s 1 Ipv4L3Protocol:GetNAddresses(0x133ba10, 0)
3.4s 1 Ipv4L3Protocol:GetInterface(0x133ba10, 0)
3.4s 1 Ipv4L3Protocol:GetNAddresses(0x133ba10, 1)
3.4s 1 Ipv4L3Protocol:GetInterface(0x133ba10, 1)
3.4s 1 Ipv4L3Protocol:GetAddress(0x133ba10, 1, 0)
3.4s 1 Ipv4L3Protocol:GetInterface(0x133ba10, 1)
3.4s 1 Ipv4L3Protocol:Send(): [LOGIC] Testing address 7.1.0.2 with mask 255.255.255.0
3.4s 1 Ipv4L3Protocol:GetNAddresses(0x133ba10, 1)
3.4s 1 Ipv4L3Protocol:GetInterface(0x133ba10, 1)
3.4s 1 Ipv4L3Protocol:GetNAddresses(0x133ba10, 2)
3.4s 1 Ipv4L3Protocol:GetInterface(0x133ba10, 2)
3.4s 1 Ipv4L3Protocol:GetAddress(0x133ba10, 2, 0)
3.4s 1 Ipv4L3Protocol:GetInterface(0x133ba10, 2)
3.4s 1 Ipv4L3Protocol:Send(): [LOGIC] Testing address 10.1.1.1 with mask 255.255.255.0
3.4s 1 Ipv4L3Protocol:GetNAddresses(0x133ba10, 2)
3.4s 1 Ipv4L3Protocol:GetInterface(0x133ba10, 2)
3.4s 1 Ipv4L3Protocol:Send(): [LOGIC] Ipv4L3Protocol::Send case 3:  passed in with route
3.4s 1 Ipv4L3Protocol:BuildHeader(0x133ba10, 10.1.1.1, 10.1.1.2, 0, 1200, 64, 0, 1)
3.4s 1 Ipv4L3Protocol:GetInterfaceForDevice(0x133ba10, 0x1344750)
3.4s 1 Ipv4L3Protocol:SendRealOut(0x133ba10, 0x1350610, 0x134fcd0, 0x7ffe3d3f2c50)
3.4s 1 Ipv4L3Protocol:GetInterfaceForDevice(0x133ba10, 0x1344750)
3.4s 1 Ipv4L3Protocol:GetInterface(0x133ba10, 2)
3.4s 1 Ipv4L3Protocol:SendRealOut(): [LOGIC] Send via NetDevice ifIndex 2 ipv4InterfaceIndex 2
3.4s 1 Ipv4L3Protocol:SendRealOut(): [LOGIC] Send to destination 10.1.1.2
3.4s 1 OnOffApplication:SendPacket(): [INFO ] At time 3.4s on-off application sent 1200 bytes to 10.1.1.2 port 0 total Tx 3600 bytes
3.40172s 3 Ipv4L3Protocol:Receive(0x1341600, 0x1348cb0, 0x13505a0, 2048, 02-06-00:00:00:00:00:05, 02-06-00:00:00:00:00:06, 0)
3.40172s 3 Ipv4L3Protocol:Receive(): [INFO ] Packet from 02-06-00:00:00:00:00:05 received on node 3
3.40172s 3 Ipv4L3Protocol:Receive(): [LOGIC] Forwarding to raw socket
3.40172s 3 PacketSink:HandleRead(): [INFO ] At time 3.40172s packet sink received 1220 bytes from 10.1.1.1 port 0 total Rx 3660 bytes
3.40172s 3 Ipv4L3Protocol:GetInterfaceForDevice(0x1341600, 0x1348cb0)
3.40172s 3 Ipv4L3Protocol:GetInterfaceForDevice(0x1341600, 0x1348cb0)
3.40172s 3 Ipv4L3Protocol:IsDestinationAddress(0x1341600, 10.1.1.2, 2)
3.40172s 3 Ipv4L3Protocol:GetNAddresses(0x1341600, 2)
3.40172s 3 Ipv4L3Protocol:GetInterface(0x1341600, 2)
3.40172s 3 Ipv4L3Protocol:GetAddress(0x1341600, 2, 0)
3.40172s 3 Ipv4L3Protocol:GetInterface(0x1341600, 2)
3.40172s 3 Ipv4L3Protocol:IsDestinationAddress(): [LOGIC] For me (destination 10.1.1.2 match)
3.40172s 3 Ipv4L3Protocol:LocalDeliver(0x1341600, 0x134f370, 0x7ffe3d3f1680, 2)
3.40172s 3 Ipv4L3Protocol:GetProtocol(0x1341600, 0)
4.2s 1 Ipv4L3Protocol:GetRoutingProtocol(0x133ba10)
4.2s 1 Ipv4L3Protocol:GetRoutingProtocol(0x133ba10)
4.2s 1 Ipv4L3Protocol:GetNAddresses(0x133ba10, 2)
4.2s 1 Ipv4L3Protocol:GetInterface(0x133ba10, 2)
4.2s 1 Ipv4L3Protocol:GetAddress(0x133ba10, 2, 0)
4.2s 1 Ipv4L3Protocol:GetInterface(0x133ba10, 2)
4.2s 1 Ipv4L3Protocol:GetNetDevice(0x133ba10, 2)
4.2s 1 Ipv4L3Protocol:GetInterface(0x133ba10, 2)
4.2s 1 Ipv4L3Protocol:GetNAddresses(0x133ba10, 2)
4.2s 1 Ipv4L3Protocol:GetInterface(0x133ba10, 2)
4.2s 1 Ipv4L3Protocol:GetAddress(0x133ba10, 2, 0)
4.2s 1 Ipv4L3Protocol:GetInterface(0x133ba10, 2)
4.2s 1 Ipv4L3Protocol:GetNetDevice(0x133ba10, 2)
4.2s 1 Ipv4L3Protocol:GetInterface(0x133ba10, 2)
4.2s 1 Ipv4L3Protocol:Send(0x133ba10, 0x134f1f0, 10.1.1.1, 10.1.1.2, 0, 0x1350610)
4.2s 1 Ipv4L3Protocol:Send(): [INFO ] Send From : 10.1.1.1 to : 10.1.1.200x1350610
4.2s 1 Ipv4L3Protocol:GetNAddresses(0x133ba10, 0)
4.2s 1 Ipv4L3Protocol:GetInterface(0x133ba10, 0)
4.2s 1 Ipv4L3Protocol:GetAddress(0x133ba10, 0, 0)
4.2s 1 Ipv4L3Protocol:GetInterface(0x133ba10, 0)
4.2s 1 Ipv4L3Protocol:Send(): [LOGIC] Testing address 127.0.0.1 with mask 255.0.0.0
4.2s 1 Ipv4L3Protocol:GetNAddresses(0x133ba10, 0)
4.2s 1 Ipv4L3Protocol:GetInterface(0x133ba10, 0)
4.2s 1 Ipv4L3Protocol:GetNAddresses(0x133ba10, 1)
4.2s 1 Ipv4L3Protocol:GetInterface(0x133ba10, 1)
4.2s 1 Ipv4L3Protocol:GetAddress(0x133ba10, 1, 0)
4.2s 1 Ipv4L3Protocol:GetInterface(0x133ba10, 1)
4.2s 1 Ipv4L3Protocol:Send(): [LOGIC] Testing address 7.1.0.2 with mask 255.255.255.0
4.2s 1 Ipv4L3Protocol:GetNAddresses(0x133ba10, 1)
4.2s 1 Ipv4L3Protocol:GetInterface(0x133ba10, 1)
4.2s 1 Ipv4L3Protocol:GetNAddresses(0x133ba10, 2)
4.2s 1 Ipv4L3Protocol:GetInterface(0x133ba10, 2)
4.2s 1 Ipv4L3Protocol:GetAddress(0x133ba10, 2, 0)
4.2s 1 Ipv4L3Protocol:GetInterface(0x133ba10, 2)
4.2s 1 Ipv4L3Protocol:Send(): [LOGIC] Testing address 10.1.1.1 with mask 255.255.255.0
4.2s 1 Ipv4L3Protocol:GetNAddresses(0x133ba10, 2)
4.2s 1 Ipv4L3Protocol:GetInterface(0x133ba10, 2)
4.2s 1 Ipv4L3Protocol:Send(): [LOGIC] Ipv4L3Protocol::Send case 3:  passed in with route
4.2s 1 Ipv4L3Protocol:BuildHeader(0x133ba10, 10.1.1.1, 10.1.1.2, 0, 1200, 64, 0, 1)
4.2s 1 Ipv4L3Protocol:GetInterfaceForDevice(0x133ba10, 0x1344750)
4.2s 1 Ipv4L3Protocol:SendRealOut(0x133ba10, 0x1350610, 0x134ff10, 0x7ffe3d3f2c50)
4.2s 1 Ipv4L3Protocol:GetInterfaceForDevice(0x133ba10, 0x1344750)
4.2s 1 Ipv4L3Protocol:GetInterface(0x133ba10, 2)
4.2s 1 Ipv4L3Protocol:SendRealOut(): [LOGIC] Send via NetDevice ifIndex 2 ipv4InterfaceIndex 2
4.2s 1 Ipv4L3Protocol:SendRealOut(): [LOGIC] Send to destination 10.1.1.2
4.2s 1 OnOffApplication:SendPacket(): [INFO ] At time 4.2s on-off application sent 1200 bytes to 10.1.1.2 port 0 total Tx 4800 bytes
4.20172s 3 Ipv4L3Protocol:Receive(0x1341600, 0x1348cb0, 0x134fbc0, 2048, 02-06-00:00:00:00:00:05, 02-06-00:00:00:00:00:06, 0)
4.20172s 3 Ipv4L3Protocol:Receive(): [INFO ] Packet from 02-06-00:00:00:00:00:05 received on node 3
4.20172s 3 Ipv4L3Protocol:Receive(): [LOGIC] Forwarding to raw socket
4.20172s 3 PacketSink:HandleRead(): [INFO ] At time 4.20172s packet sink received 1220 bytes from 10.1.1.1 port 0 total Rx 4880 bytes
4.20172s 3 Ipv4L3Protocol:GetInterfaceForDevice(0x1341600, 0x1348cb0)
4.20172s 3 Ipv4L3Protocol:GetInterfaceForDevice(0x1341600, 0x1348cb0)
4.20172s 3 Ipv4L3Protocol:IsDestinationAddress(0x1341600, 10.1.1.2, 2)
4.20172s 3 Ipv4L3Protocol:GetNAddresses(0x1341600, 2)
4.20172s 3 Ipv4L3Protocol:GetInterface(0x1341600, 2)
4.20172s 3 Ipv4L3Protocol:GetAddress(0x1341600, 2, 0)
4.20172s 3 Ipv4L3Protocol:GetInterface(0x1341600, 2)
4.20172s 3 Ipv4L3Protocol:IsDestinationAddress(): [LOGIC] For me (destination 10.1.1.2 match)
4.20172s 3 Ipv4L3Protocol:LocalDeliver(0x1341600, 0x134f1f0, 0x7ffe3d3f1680, 2)
4.20172s 3 Ipv4L3Protocol:GetProtocol(0x1341600, 0)
5s 1 Ipv4L3Protocol:GetRoutingProtocol(0x133ba10)
5s 1 Ipv4L3Protocol:GetRoutingProtocol(0x133ba10)
5s 1 Ipv4L3Protocol:GetNAddresses(0x133ba10, 2)
5s 1 Ipv4L3Protocol:GetInterface(0x133ba10, 2)
5s 1 Ipv4L3Protocol:GetAddress(0x133ba10, 2, 0)
5s 1 Ipv4L3Protocol:GetInterface(0x133ba10, 2)
5s 1 Ipv4L3Protocol:GetNetDevice(0x133ba10, 2)
5s 1 Ipv4L3Protocol:GetInterface(0x133ba10, 2)
5s 1 Ipv4L3Protocol:GetNAddresses(0x133ba10, 2)
5s 1 Ipv4L3Protocol:GetInterface(0x133ba10, 2)
5s 1 Ipv4L3Protocol:GetAddress(0x133ba10, 2, 0)
5s 1 Ipv4L3Protocol:GetInterface(0x133ba10, 2)
5s 1 Ipv4L3Protocol:GetNetDevice(0x133ba10, 2)
5s 1 Ipv4L3Protocol:GetInterface(0x133ba10, 2)
5s 1 Ipv4L3Protocol:Send(0x133ba10, 0x134fcd0, 10.1.1.1, 10.1.1.2, 0, 0x1350310)
5s 1 Ipv4L3Protocol:Send(): [INFO ] Send From : 10.1.1.1 to : 10.1.1.200x1350310
5s 1 Ipv4L3Protocol:GetNAddresses(0x133ba10, 0)
5s 1 Ipv4L3Protocol:GetInterface(0x133ba10, 0)
5s 1 Ipv4L3Protocol:GetAddress(0x133ba10, 0, 0)
5s 1 Ipv4L3Protocol:GetInterface(0x133ba10, 0)
5s 1 Ipv4L3Protocol:Send(): [LOGIC] Testing address 127.0.0.1 with mask 255.0.0.0
5s 1 Ipv4L3Protocol:GetNAddresses(0x133ba10, 0)
5s 1 Ipv4L3Protocol:GetInterface(0x133ba10, 0)
5s 1 Ipv4L3Protocol:GetNAddresses(0x133ba10, 1)
5s 1 Ipv4L3Protocol:GetInterface(0x133ba10, 1)
5s 1 Ipv4L3Protocol:GetAddress(0x133ba10, 1, 0)
5s 1 Ipv4L3Protocol:GetInterface(0x133ba10, 1)
5s 1 Ipv4L3Protocol:Send(): [LOGIC] Testing address 7.1.0.2 with mask 255.255.255.0
5s 1 Ipv4L3Protocol:GetNAddresses(0x133ba10, 1)
5s 1 Ipv4L3Protocol:GetInterface(0x133ba10, 1)
5s 1 Ipv4L3Protocol:GetNAddresses(0x133ba10, 2)
5s 1 Ipv4L3Protocol:GetInterface(0x133ba10, 2)
5s 1 Ipv4L3Protocol:GetAddress(0x133ba10, 2, 0)
5s 1 Ipv4L3Protocol:GetInterface(0x133ba10, 2)
5s 1 Ipv4L3Protocol:Send(): [LOGIC] Testing address 10.1.1.1 with mask 255.255.255.0
5s 1 Ipv4L3Protocol:GetNAddresses(0x133ba10, 2)
5s 1 Ipv4L3Protocol:GetInterface(0x133ba10, 2)
5s 1 Ipv4L3Protocol:Send(): [LOGIC] Ipv4L3Protocol::Send case 3:  passed in with route
5s 1 Ipv4L3Protocol:BuildHeader(0x133ba10, 10.1.1.1, 10.1.1.2, 0, 1200, 64, 0, 1)
5s 1 Ipv4L3Protocol:GetInterfaceForDevice(0x133ba10, 0x1344750)
5s 1 Ipv4L3Protocol:SendRealOut(0x133ba10, 0x1350310, 0x134f300, 0x7ffe3d3f2c50)
5s 1 Ipv4L3Protocol:GetInterfaceForDevice(0x133ba10, 0x1344750)
5s 1 Ipv4L3Protocol:GetInterface(0x133ba10, 2)
5s 1 Ipv4L3Protocol:SendRealOut(): [LOGIC] Send via NetDevice ifIndex 2 ipv4InterfaceIndex 2
5s 1 Ipv4L3Protocol:SendRealOut(): [LOGIC] Send to destination 10.1.1.2
5s 1 OnOffApplication:SendPacket(): [INFO ] At time 5s on-off application sent 1200 bytes to 10.1.1.2 port 0 total Tx 6000 bytes
5.00172s 3 Ipv4L3Protocol:Receive(0x1341600, 0x1348cb0, 0x134fcd0, 2048, 02-06-00:00:00:00:00:05, 02-06-00:00:00:00:00:06, 0)
5.00172s 3 Ipv4L3Protocol:Receive(): [INFO ] Packet from 02-06-00:00:00:00:00:05 received on node 3
5.00172s 3 Ipv4L3Protocol:Receive(): [LOGIC] Forwarding to raw socket
5.00172s 3 PacketSink:HandleRead(): [INFO ] At time 5.00172s packet sink received 1220 bytes from 10.1.1.1 port 0 total Rx 6100 bytes
5.00172s 3 Ipv4L3Protocol:GetInterfaceForDevice(0x1341600, 0x1348cb0)
5.00172s 3 Ipv4L3Protocol:GetInterfaceForDevice(0x1341600, 0x1348cb0)
5.00172s 3 Ipv4L3Protocol:IsDestinationAddress(0x1341600, 10.1.1.2, 2)
5.00172s 3 Ipv4L3Protocol:GetNAddresses(0x1341600, 2)
5.00172s 3 Ipv4L3Protocol:GetInterface(0x1341600, 2)
5.00172s 3 Ipv4L3Protocol:GetAddress(0x1341600, 2, 0)
5.00172s 3 Ipv4L3Protocol:GetInterface(0x1341600, 2)
5.00172s 3 Ipv4L3Protocol:IsDestinationAddress(): [LOGIC] For me (destination 10.1.1.2 match)
5.00172s 3 Ipv4L3Protocol:LocalDeliver(0x1341600, 0x134f300, 0x7ffe3d3f1680, 2)
5.00172s 3 Ipv4L3Protocol:GetProtocol(0x1341600, 0)
5.8s 1 Ipv4L3Protocol:GetRoutingProtocol(0x133ba10)
5.8s 1 Ipv4L3Protocol:GetRoutingProtocol(0x133ba10)
5.8s 1 Ipv4L3Protocol:GetNAddresses(0x133ba10, 2)
5.8s 1 Ipv4L3Protocol:GetInterface(0x133ba10, 2)
5.8s 1 Ipv4L3Protocol:GetAddress(0x133ba10, 2, 0)
5.8s 1 Ipv4L3Protocol:GetInterface(0x133ba10, 2)
5.8s 1 Ipv4L3Protocol:GetNetDevice(0x133ba10, 2)
5.8s 1 Ipv4L3Protocol:GetInterface(0x133ba10, 2)
5.8s 1 Ipv4L3Protocol:GetNAddresses(0x133ba10, 2)
5.8s 1 Ipv4L3Protocol:GetInterface(0x133ba10, 2)
5.8s 1 Ipv4L3Protocol:GetAddress(0x133ba10, 2, 0)
5.8s 1 Ipv4L3Protocol:GetInterface(0x133ba10, 2)
5.8s 1 Ipv4L3Protocol:GetNetDevice(0x133ba10, 2)
5.8s 1 Ipv4L3Protocol:GetInterface(0x133ba10, 2)
5.8s 1 Ipv4L3Protocol:Send(0x133ba10, 0x134f370, 10.1.1.1, 10.1.1.2, 0, 0x1350610)
5.8s 1 Ipv4L3Protocol:Send(): [INFO ] Send From : 10.1.1.1 to : 10.1.1.200x1350610
5.8s 1 Ipv4L3Protocol:GetNAddresses(0x133ba10, 0)
5.8s 1 Ipv4L3Protocol:GetInterface(0x133ba10, 0)
5.8s 1 Ipv4L3Protocol:GetAddress(0x133ba10, 0, 0)
5.8s 1 Ipv4L3Protocol:GetInterface(0x133ba10, 0)
5.8s 1 Ipv4L3Protocol:Send(): [LOGIC] Testing address 127.0.0.1 with mask 255.0.0.0
5.8s 1 Ipv4L3Protocol:GetNAddresses(0x133ba10, 0)
5.8s 1 Ipv4L3Protocol:GetInterface(0x133ba10, 0)
5.8s 1 Ipv4L3Protocol:GetNAddresses(0x133ba10, 1)
5.8s 1 Ipv4L3Protocol:GetInterface(0x133ba10, 1)
5.8s 1 Ipv4L3Protocol:GetAddress(0x133ba10, 1, 0)
5.8s 1 Ipv4L3Protocol:GetInterface(0x133ba10, 1)
5.8s 1 Ipv4L3Protocol:Send(): [LOGIC] Testing address 7.1.0.2 with mask 255.255.255.0
5.8s 1 Ipv4L3Protocol:GetNAddresses(0x133ba10, 1)
5.8s 1 Ipv4L3Protocol:GetInterface(0x133ba10, 1)
5.8s 1 Ipv4L3Protocol:GetNAddresses(0x133ba10, 2)
5.8s 1 Ipv4L3Protocol:GetInterface(0x133ba10, 2)
5.8s 1 Ipv4L3Protocol:GetAddress(0x133ba10, 2, 0)
5.8s 1 Ipv4L3Protocol:GetInterface(0x133ba10, 2)
5.8s 1 Ipv4L3Protocol:Send(): [LOGIC] Testing address 10.1.1.1 with mask 255.255.255.0
5.8s 1 Ipv4L3Protocol:GetNAddresses(0x133ba10, 2)
5.8s 1 Ipv4L3Protocol:GetInterface(0x133ba10, 2)
5.8s 1 Ipv4L3Protocol:Send(): [LOGIC] Ipv4L3Protocol::Send case 3:  passed in with route
5.8s 1 Ipv4L3Protocol:BuildHeader(0x133ba10, 10.1.1.1, 10.1.1.2, 0, 1200, 64, 0, 1)
5.8s 1 Ipv4L3Protocol:GetInterfaceForDevice(0x133ba10, 0x1344750)
5.8s 1 Ipv4L3Protocol:SendRealOut(0x133ba10, 0x1350610, 0x134ff10, 0x7ffe3d3f2c50)
5.8s 1 Ipv4L3Protocol:GetInterfaceForDevice(0x133ba10, 0x1344750)
5.8s 1 Ipv4L3Protocol:GetInterface(0x133ba10, 2)
5.8s 1 Ipv4L3Protocol:SendRealOut(): [LOGIC] Send via NetDevice ifIndex 2 ipv4InterfaceIndex 2
5.8s 1 Ipv4L3Protocol:SendRealOut(): [LOGIC] Send to destination 10.1.1.2
5.8s 1 OnOffApplication:SendPacket(): [INFO ] At time 5.8s on-off application sent 1200 bytes to 10.1.1.2 port 0 total Tx 7200 bytes
5.80172s 3 Ipv4L3Protocol:Receive(0x1341600, 0x1348cb0, 0x134f7f0, 2048, 02-06-00:00:00:00:00:05, 02-06-00:00:00:00:00:06, 0)
5.80172s 3 Ipv4L3Protocol:Receive(): [INFO ] Packet from 02-06-00:00:00:00:00:05 received on node 3
5.80172s 3 Ipv4L3Protocol:Receive(): [LOGIC] Forwarding to raw socket
5.80172s 3 PacketSink:HandleRead(): [INFO ] At time 5.80172s packet sink received 1220 bytes from 10.1.1.1 port 0 total Rx 7320 bytes
5.80172s 3 Ipv4L3Protocol:GetInterfaceForDevice(0x1341600, 0x1348cb0)
5.80172s 3 Ipv4L3Protocol:GetInterfaceForDevice(0x1341600, 0x1348cb0)
5.80172s 3 Ipv4L3Protocol:IsDestinationAddress(0x1341600, 10.1.1.2, 2)
5.80172s 3 Ipv4L3Protocol:GetNAddresses(0x1341600, 2)
5.80172s 3 Ipv4L3Protocol:GetInterface(0x1341600, 2)
5.80172s 3 Ipv4L3Protocol:GetAddress(0x1341600, 2, 0)
5.80172s 3 Ipv4L3Protocol:GetInterface(0x1341600, 2)
5.80172s 3 Ipv4L3Protocol:IsDestinationAddress(): [LOGIC] For me (destination 10.1.1.2 match)
5.80172s 3 Ipv4L3Protocol:LocalDeliver(0x1341600, 0x134f370, 0x7ffe3d3f1680, 2)
5.80172s 3 Ipv4L3Protocol:GetProtocol(0x1341600, 0)
6.6s 1 Ipv4L3Protocol:GetRoutingProtocol(0x133ba10)
6.6s 1 Ipv4L3Protocol:GetRoutingProtocol(0x133ba10)
6.6s 1 Ipv4L3Protocol:GetNAddresses(0x133ba10, 2)
6.6s 1 Ipv4L3Protocol:GetInterface(0x133ba10, 2)
6.6s 1 Ipv4L3Protocol:GetAddress(0x133ba10, 2, 0)
6.6s 1 Ipv4L3Protocol:GetInterface(0x133ba10, 2)
6.6s 1 Ipv4L3Protocol:GetNetDevice(0x133ba10, 2)
6.6s 1 Ipv4L3Protocol:GetInterface(0x133ba10, 2)
6.6s 1 Ipv4L3Protocol:GetNAddresses(0x133ba10, 2)
6.6s 1 Ipv4L3Protocol:GetInterface(0x133ba10, 2)
6.6s 1 Ipv4L3Protocol:GetAddress(0x133ba10, 2, 0)
6.6s 1 Ipv4L3Protocol:GetInterface(0x133ba10, 2)
6.6s 1 Ipv4L3Protocol:GetNetDevice(0x133ba10, 2)
6.6s 1 Ipv4L3Protocol:GetInterface(0x133ba10, 2)
6.6s 1 Ipv4L3Protocol:Send(0x133ba10, 0x134fcd0, 10.1.1.1, 10.1.1.2, 0, 0x1350370)
6.6s 1 Ipv4L3Protocol:Send(): [INFO ] Send From : 10.1.1.1 to : 10.1.1.200x1350370
6.6s 1 Ipv4L3Protocol:GetNAddresses(0x133ba10, 0)
6.6s 1 Ipv4L3Protocol:GetInterface(0x133ba10, 0)
6.6s 1 Ipv4L3Protocol:GetAddress(0x133ba10, 0, 0)
6.6s 1 Ipv4L3Protocol:GetInterface(0x133ba10, 0)
6.6s 1 Ipv4L3Protocol:Send(): [LOGIC] Testing address 127.0.0.1 with mask 255.0.0.0
6.6s 1 Ipv4L3Protocol:GetNAddresses(0x133ba10, 0)
6.6s 1 Ipv4L3Protocol:GetInterface(0x133ba10, 0)
6.6s 1 Ipv4L3Protocol:GetNAddresses(0x133ba10, 1)
6.6s 1 Ipv4L3Protocol:GetInterface(0x133ba10, 1)
6.6s 1 Ipv4L3Protocol:GetAddress(0x133ba10, 1, 0)
6.6s 1 Ipv4L3Protocol:GetInterface(0x133ba10, 1)
6.6s 1 Ipv4L3Protocol:Send(): [LOGIC] Testing address 7.1.0.2 with mask 255.255.255.0
6.6s 1 Ipv4L3Protocol:GetNAddresses(0x133ba10, 1)
6.6s 1 Ipv4L3Protocol:GetInterface(0x133ba10, 1)
6.6s 1 Ipv4L3Protocol:GetNAddresses(0x133ba10, 2)
6.6s 1 Ipv4L3Protocol:GetInterface(0x133ba10, 2)
6.6s 1 Ipv4L3Protocol:GetAddress(0x133ba10, 2, 0)
6.6s 1 Ipv4L3Protocol:GetInterface(0x133ba10, 2)
6.6s 1 Ipv4L3Protocol:Send(): [LOGIC] Testing address 10.1.1.1 with mask 255.255.255.0
6.6s 1 Ipv4L3Protocol:GetNAddresses(0x133ba10, 2)
6.6s 1 Ipv4L3Protocol:GetInterface(0x133ba10, 2)
6.6s 1 Ipv4L3Protocol:Send(): [LOGIC] Ipv4L3Protocol::Send case 3:  passed in with route
6.6s 1 Ipv4L3Protocol:BuildHeader(0x133ba10, 10.1.1.1, 10.1.1.2, 0, 1200, 64, 0, 1)
6.6s 1 Ipv4L3Protocol:GetInterfaceForDevice(0x133ba10, 0x1344750)
6.6s 1 Ipv4L3Protocol:SendRealOut(0x133ba10, 0x1350370, 0x134f300, 0x7ffe3d3f2c50)
6.6s 1 Ipv4L3Protocol:GetInterfaceForDevice(0x133ba10, 0x1344750)
6.6s 1 Ipv4L3Protocol:GetInterface(0x133ba10, 2)
6.6s 1 Ipv4L3Protocol:SendRealOut(): [LOGIC] Send via NetDevice ifIndex 2 ipv4InterfaceIndex 2
6.6s 1 Ipv4L3Protocol:SendRealOut(): [LOGIC] Send to destination 10.1.1.2
6.6s 1 OnOffApplication:SendPacket(): [INFO ] At time 6.6s on-off application sent 1200 bytes to 10.1.1.2 port 0 total Tx 8400 bytes
6.60172s 3 Ipv4L3Protocol:Receive(0x1341600, 0x1348cb0, 0x13505a0, 2048, 02-06-00:00:00:00:00:05, 02-06-00:00:00:00:00:06, 0)
6.60172s 3 Ipv4L3Protocol:Receive(): [INFO ] Packet from 02-06-00:00:00:00:00:05 received on node 3
6.60172s 3 Ipv4L3Protocol:Receive(): [LOGIC] Forwarding to raw socket
6.60172s 3 PacketSink:HandleRead(): [INFO ] At time 6.60172s packet sink received 1220 bytes from 10.1.1.1 port 0 total Rx 8540 bytes
6.60172s 3 Ipv4L3Protocol:GetInterfaceForDevice(0x1341600, 0x1348cb0)
6.60172s 3 Ipv4L3Protocol:GetInterfaceForDevice(0x1341600, 0x1348cb0)
6.60172s 3 Ipv4L3Protocol:IsDestinationAddress(0x1341600, 10.1.1.2, 2)
6.60172s 3 Ipv4L3Protocol:GetNAddresses(0x1341600, 2)
6.60172s 3 Ipv4L3Protocol:GetInterface(0x1341600, 2)
6.60172s 3 Ipv4L3Protocol:GetAddress(0x1341600, 2, 0)
6.60172s 3 Ipv4L3Protocol:GetInterface(0x1341600, 2)
6.60172s 3 Ipv4L3Protocol:IsDestinationAddress(): [LOGIC] For me (destination 10.1.1.2 match)
6.60172s 3 Ipv4L3Protocol:LocalDeliver(0x1341600, 0x134fcd0, 0x7ffe3d3f1680, 2)
6.60172s 3 Ipv4L3Protocol:GetProtocol(0x1341600, 0)
7.4s 1 Ipv4L3Protocol:GetRoutingProtocol(0x133ba10)
7.4s 1 Ipv4L3Protocol:GetRoutingProtocol(0x133ba10)
7.4s 1 Ipv4L3Protocol:GetNAddresses(0x133ba10, 2)
7.4s 1 Ipv4L3Protocol:GetInterface(0x133ba10, 2)
7.4s 1 Ipv4L3Protocol:GetAddress(0x133ba10, 2, 0)
7.4s 1 Ipv4L3Protocol:GetInterface(0x133ba10, 2)
7.4s 1 Ipv4L3Protocol:GetNetDevice(0x133ba10, 2)
7.4s 1 Ipv4L3Protocol:GetInterface(0x133ba10, 2)
7.4s 1 Ipv4L3Protocol:GetNAddresses(0x133ba10, 2)
7.4s 1 Ipv4L3Protocol:GetInterface(0x133ba10, 2)
7.4s 1 Ipv4L3Protocol:GetAddress(0x133ba10, 2, 0)
7.4s 1 Ipv4L3Protocol:GetInterface(0x133ba10, 2)
7.4s 1 Ipv4L3Protocol:GetNetDevice(0x133ba10, 2)
7.4s 1 Ipv4L3Protocol:GetInterface(0x133ba10, 2)
7.4s 1 Ipv4L3Protocol:Send(0x133ba10, 0x134ff10, 10.1.1.1, 10.1.1.2, 0, 0x1350410)
7.4s 1 Ipv4L3Protocol:Send(): [INFO ] Send From : 10.1.1.1 to : 10.1.1.200x1350410
7.4s 1 Ipv4L3Protocol:GetNAddresses(0x133ba10, 0)
7.4s 1 Ipv4L3Protocol:GetInterface(0x133ba10, 0)
7.4s 1 Ipv4L3Protocol:GetAddress(0x133ba10, 0, 0)
7.4s 1 Ipv4L3Protocol:GetInterface(0x133ba10, 0)
7.4s 1 Ipv4L3Protocol:Send(): [LOGIC] Testing address 127.0.0.1 with mask 255.0.0.0
7.4s 1 Ipv4L3Protocol:GetNAddresses(0x133ba10, 0)
7.4s 1 Ipv4L3Protocol:GetInterface(0x133ba10, 0)
7.4s 1 Ipv4L3Protocol:GetNAddresses(0x133ba10, 1)
7.4s 1 Ipv4L3Protocol:GetInterface(0x133ba10, 1)
7.4s 1 Ipv4L3Protocol:GetAddress(0x133ba10, 1, 0)
7.4s 1 Ipv4L3Protocol:GetInterface(0x133ba10, 1)
7.4s 1 Ipv4L3Protocol:Send(): [LOGIC] Testing address 7.1.0.2 with mask 255.255.255.0
7.4s 1 Ipv4L3Protocol:GetNAddresses(0x133ba10, 1)
7.4s 1 Ipv4L3Protocol:GetInterface(0x133ba10, 1)
7.4s 1 Ipv4L3Protocol:GetNAddresses(0x133ba10, 2)
7.4s 1 Ipv4L3Protocol:GetInterface(0x133ba10, 2)
7.4s 1 Ipv4L3Protocol:GetAddress(0x133ba10, 2, 0)
7.4s 1 Ipv4L3Protocol:GetInterface(0x133ba10, 2)
7.4s 1 Ipv4L3Protocol:Send(): [LOGIC] Testing address 10.1.1.1 with mask 255.255.255.0
7.4s 1 Ipv4L3Protocol:GetNAddresses(0x133ba10, 2)
7.4s 1 Ipv4L3Protocol:GetInterface(0x133ba10, 2)
7.4s 1 Ipv4L3Protocol:Send(): [LOGIC] Ipv4L3Protocol::Send case 3:  passed in with route
7.4s 1 Ipv4L3Protocol:BuildHeader(0x133ba10, 10.1.1.1, 10.1.1.2, 0, 1200, 64, 0, 1)
7.4s 1 Ipv4L3Protocol:GetInterfaceForDevice(0x133ba10, 0x1344750)
7.4s 1 Ipv4L3Protocol:SendRealOut(0x133ba10, 0x1350410, 0x134f1f0, 0x7ffe3d3f2c50)
7.4s 1 Ipv4L3Protocol:GetInterfaceForDevice(0x133ba10, 0x1344750)
7.4s 1 Ipv4L3Protocol:GetInterface(0x133ba10, 2)
7.4s 1 Ipv4L3Protocol:SendRealOut(): [LOGIC] Send via NetDevice ifIndex 2 ipv4InterfaceIndex 2
7.4s 1 Ipv4L3Protocol:SendRealOut(): [LOGIC] Send to destination 10.1.1.2
7.4s 1 OnOffApplication:SendPacket(): [INFO ] At time 7.4s on-off application sent 1200 bytes to 10.1.1.2 port 0 total Tx 9600 bytes
7.40151s 3 Ipv4L3Protocol:Receive(0x1341600, 0x1348cb0, 0x134f370, 2048, 02-06-00:00:00:00:00:05, 02-06-00:00:00:00:00:06, 0)
7.40151s 3 Ipv4L3Protocol:Receive(): [INFO ] Packet from 02-06-00:00:00:00:00:05 received on node 3
7.40151s 3 Ipv4L3Protocol:Receive(): [LOGIC] Forwarding to raw socket
7.40151s 3 PacketSink:HandleRead(): [INFO ] At time 7.40151s packet sink received 1220 bytes from 10.1.1.1 port 0 total Rx 9760 bytes
7.40151s 3 Ipv4L3Protocol:GetInterfaceForDevice(0x1341600, 0x1348cb0)
7.40151s 3 Ipv4L3Protocol:GetInterfaceForDevice(0x1341600, 0x1348cb0)
7.40151s 3 Ipv4L3Protocol:IsDestinationAddress(0x1341600, 10.1.1.2, 2)
7.40151s 3 Ipv4L3Protocol:GetNAddresses(0x1341600, 2)
7.40151s 3 Ipv4L3Protocol:GetInterface(0x1341600, 2)
7.40151s 3 Ipv4L3Protocol:GetAddress(0x1341600, 2, 0)
7.40151s 3 Ipv4L3Protocol:GetInterface(0x1341600, 2)
7.40151s 3 Ipv4L3Protocol:IsDestinationAddress(): [LOGIC] For me (destination 10.1.1.2 match)
7.40151s 3 Ipv4L3Protocol:LocalDeliver(0x1341600, 0x134f300, 0x7ffe3d3f1680, 2)
7.40151s 3 Ipv4L3Protocol:GetProtocol(0x1341600, 0)
8.2s 1 Ipv4L3Protocol:GetRoutingProtocol(0x133ba10)
8.2s 1 Ipv4L3Protocol:GetRoutingProtocol(0x133ba10)
8.2s 1 Ipv4L3Protocol:GetNAddresses(0x133ba10, 2)
8.2s 1 Ipv4L3Protocol:GetInterface(0x133ba10, 2)
8.2s 1 Ipv4L3Protocol:GetAddress(0x133ba10, 2, 0)
8.2s 1 Ipv4L3Protocol:GetInterface(0x133ba10, 2)
8.2s 1 Ipv4L3Protocol:GetNetDevice(0x133ba10, 2)
8.2s 1 Ipv4L3Protocol:GetInterface(0x133ba10, 2)
8.2s 1 Ipv4L3Protocol:GetNAddresses(0x133ba10, 2)
8.2s 1 Ipv4L3Protocol:GetInterface(0x133ba10, 2)
8.2s 1 Ipv4L3Protocol:GetAddress(0x133ba10, 2, 0)
8.2s 1 Ipv4L3Protocol:GetInterface(0x133ba10, 2)
8.2s 1 Ipv4L3Protocol:GetNetDevice(0x133ba10, 2)
8.2s 1 Ipv4L3Protocol:GetInterface(0x133ba10, 2)
8.2s 1 Ipv4L3Protocol:Send(0x133ba10, 0x13505a0, 10.1.1.1, 10.1.1.2, 0, 0x134fda0)
8.2s 1 Ipv4L3Protocol:Send(): [INFO ] Send From : 10.1.1.1 to : 10.1.1.200x134fda0
8.2s 1 Ipv4L3Protocol:GetNAddresses(0x133ba10, 0)
8.2s 1 Ipv4L3Protocol:GetInterface(0x133ba10, 0)
8.2s 1 Ipv4L3Protocol:GetAddress(0x133ba10, 0, 0)
8.2s 1 Ipv4L3Protocol:GetInterface(0x133ba10, 0)
8.2s 1 Ipv4L3Protocol:Send(): [LOGIC] Testing address 127.0.0.1 with mask 255.0.0.0
8.2s 1 Ipv4L3Protocol:GetNAddresses(0x133ba10, 0)
8.2s 1 Ipv4L3Protocol:GetInterface(0x133ba10, 0)
8.2s 1 Ipv4L3Protocol:GetNAddresses(0x133ba10, 1)
8.2s 1 Ipv4L3Protocol:GetInterface(0x133ba10, 1)
8.2s 1 Ipv4L3Protocol:GetAddress(0x133ba10, 1, 0)
8.2s 1 Ipv4L3Protocol:GetInterface(0x133ba10, 1)
8.2s 1 Ipv4L3Protocol:Send(): [LOGIC] Testing address 7.1.0.2 with mask 255.255.255.0
8.2s 1 Ipv4L3Protocol:GetNAddresses(0x133ba10, 1)
8.2s 1 Ipv4L3Protocol:GetInterface(0x133ba10, 1)
8.2s 1 Ipv4L3Protocol:GetNAddresses(0x133ba10, 2)
8.2s 1 Ipv4L3Protocol:GetInterface(0x133ba10, 2)
8.2s 1 Ipv4L3Protocol:GetAddress(0x133ba10, 2, 0)
8.2s 1 Ipv4L3Protocol:GetInterface(0x133ba10, 2)
8.2s 1 Ipv4L3Protocol:Send(): [LOGIC] Testing address 10.1.1.1 with mask 255.255.255.0
8.2s 1 Ipv4L3Protocol:GetNAddresses(0x133ba10, 2)
8.2s 1 Ipv4L3Protocol:GetInterface(0x133ba10, 2)
8.2s 1 Ipv4L3Protocol:Send(): [LOGIC] Ipv4L3Protocol::Send case 3:  passed in with route
8.2s 1 Ipv4L3Protocol:BuildHeader(0x133ba10, 10.1.1.1, 10.1.1.2, 0, 1200, 64, 0, 1)
8.2s 1 Ipv4L3Protocol:GetInterfaceForDevice(0x133ba10, 0x1344750)
8.2s 1 Ipv4L3Protocol:SendRealOut(0x133ba10, 0x134fda0, 0x134ff10, 0x7ffe3d3f2c50)
8.2s 1 Ipv4L3Protocol:GetInterfaceForDevice(0x133ba10, 0x1344750)
8.2s 1 Ipv4L3Protocol:GetInterface(0x133ba10, 2)
8.2s 1 Ipv4L3Protocol:SendRealOut(): [LOGIC] Send via NetDevice ifIndex 2 ipv4InterfaceIndex 2
8.2s 1 Ipv4L3Protocol:SendRealOut(): [LOGIC] Send to destination 10.1.1.2
8.2s 1 OnOffApplication:SendPacket(): [INFO ] At time 8.2s on-off application sent 1200 bytes to 10.1.1.2 port 0 total Tx 10800 bytes
8.2025s 3 Ipv4L3Protocol:Receive(0x1341600, 0x1348cb0, 0x134f7f0, 2048, 02-06-00:00:00:00:00:05, 02-06-00:00:00:00:00:06, 0)
8.2025s 3 Ipv4L3Protocol:Receive(): [INFO ] Packet from 02-06-00:00:00:00:00:05 received on node 3
8.2025s 3 Ipv4L3Protocol:Receive(): [LOGIC] Forwarding to raw socket
8.2025s 3 PacketSink:HandleRead(): [INFO ] At time 8.2025s packet sink received 1220 bytes from 10.1.1.1 port 0 total Rx 10980 bytes
8.2025s 3 Ipv4L3Protocol:GetInterfaceForDevice(0x1341600, 0x1348cb0)
8.2025s 3 Ipv4L3Protocol:GetInterfaceForDevice(0x1341600, 0x1348cb0)
8.2025s 3 Ipv4L3Protocol:IsDestinationAddress(0x1341600, 10.1.1.2, 2)
8.2025s 3 Ipv4L3Protocol:GetNAddresses(0x1341600, 2)
8.2025s 3 Ipv4L3Protocol:GetInterface(0x1341600, 2)
8.2025s 3 Ipv4L3Protocol:GetAddress(0x1341600, 2, 0)
8.2025s 3 Ipv4L3Protocol:GetInterface(0x1341600, 2)
8.2025s 3 Ipv4L3Protocol:IsDestinationAddress(): [LOGIC] For me (destination 10.1.1.2 match)
8.2025s 3 Ipv4L3Protocol:LocalDeliver(0x1341600, 0x134fbc0, 0x7ffe3d3f1680, 2)
8.2025s 3 Ipv4L3Protocol:GetProtocol(0x1341600, 0)
9s 1 Ipv4L3Protocol:GetRoutingProtocol(0x133ba10)
9s 1 Ipv4L3Protocol:GetRoutingProtocol(0x133ba10)
9s 1 Ipv4L3Protocol:GetNAddresses(0x133ba10, 2)
9s 1 Ipv4L3Protocol:GetInterface(0x133ba10, 2)
9s 1 Ipv4L3Protocol:GetAddress(0x133ba10, 2, 0)
9s 1 Ipv4L3Protocol:GetInterface(0x133ba10, 2)
9s 1 Ipv4L3Protocol:GetNetDevice(0x133ba10, 2)
9s 1 Ipv4L3Protocol:GetInterface(0x133ba10, 2)
9s 1 Ipv4L3Protocol:GetNAddresses(0x133ba10, 2)
9s 1 Ipv4L3Protocol:GetInterface(0x133ba10, 2)
9s 1 Ipv4L3Protocol:GetAddress(0x133ba10, 2, 0)
9s 1 Ipv4L3Protocol:GetInterface(0x133ba10, 2)
9s 1 Ipv4L3Protocol:GetNetDevice(0x133ba10, 2)
9s 1 Ipv4L3Protocol:GetInterface(0x133ba10, 2)
9s 1 Ipv4L3Protocol:Send(0x133ba10, 0x134fcd0, 10.1.1.1, 10.1.1.2, 0, 0x1350310)
9s 1 Ipv4L3Protocol:Send(): [INFO ] Send From : 10.1.1.1 to : 10.1.1.200x1350310
9s 1 Ipv4L3Protocol:GetNAddresses(0x133ba10, 0)
9s 1 Ipv4L3Protocol:GetInterface(0x133ba10, 0)
9s 1 Ipv4L3Protocol:GetAddress(0x133ba10, 0, 0)
9s 1 Ipv4L3Protocol:GetInterface(0x133ba10, 0)
9s 1 Ipv4L3Protocol:Send(): [LOGIC] Testing address 127.0.0.1 with mask 255.0.0.0
9s 1 Ipv4L3Protocol:GetNAddresses(0x133ba10, 0)
9s 1 Ipv4L3Protocol:GetInterface(0x133ba10, 0)
9s 1 Ipv4L3Protocol:GetNAddresses(0x133ba10, 1)
9s 1 Ipv4L3Protocol:GetInterface(0x133ba10, 1)
9s 1 Ipv4L3Protocol:GetAddress(0x133ba10, 1, 0)
9s 1 Ipv4L3Protocol:GetInterface(0x133ba10, 1)
9s 1 Ipv4L3Protocol:Send(): [LOGIC] Testing address 7.1.0.2 with mask 255.255.255.0
9s 1 Ipv4L3Protocol:GetNAddresses(0x133ba10, 1)
9s 1 Ipv4L3Protocol:GetInterface(0x133ba10, 1)
9s 1 Ipv4L3Protocol:GetNAddresses(0x133ba10, 2)
9s 1 Ipv4L3Protocol:GetInterface(0x133ba10, 2)
9s 1 Ipv4L3Protocol:GetAddress(0x133ba10, 2, 0)
9s 1 Ipv4L3Protocol:GetInterface(0x133ba10, 2)
9s 1 Ipv4L3Protocol:Send(): [LOGIC] Testing address 10.1.1.1 with mask 255.255.255.0
9s 1 Ipv4L3Protocol:GetNAddresses(0x133ba10, 2)
9s 1 Ipv4L3Protocol:GetInterface(0x133ba10, 2)
9s 1 Ipv4L3Protocol:Send(): [LOGIC] Ipv4L3Protocol::Send case 3:  passed in with route
9s 1 Ipv4L3Protocol:BuildHeader(0x133ba10, 10.1.1.1, 10.1.1.2, 0, 1200, 64, 0, 1)
9s 1 Ipv4L3Protocol:GetInterfaceForDevice(0x133ba10, 0x1344750)
9s 1 Ipv4L3Protocol:SendRealOut(0x133ba10, 0x1350310, 0x13505a0, 0x7ffe3d3f2c50)
9s 1 Ipv4L3Protocol:GetInterfaceForDevice(0x133ba10, 0x1344750)
9s 1 Ipv4L3Protocol:GetInterface(0x133ba10, 2)
9s 1 Ipv4L3Protocol:SendRealOut(): [LOGIC] Send via NetDevice ifIndex 2 ipv4InterfaceIndex 2
9s 1 Ipv4L3Protocol:SendRealOut(): [LOGIC] Send to destination 10.1.1.2
9s 1 OnOffApplication:SendPacket(): [INFO ] At time 9s on-off application sent 1200 bytes to 10.1.1.2 port 0 total Tx 12000 bytes
9.00115s 3 Ipv4L3Protocol:Receive(0x1341600, 0x1348cb0, 0x134fcd0, 2048, 02-06-00:00:00:00:00:05, 02-06-00:00:00:00:00:06, 0)
9.00115s 3 Ipv4L3Protocol:Receive(): [INFO ] Packet from 02-06-00:00:00:00:00:05 received on node 3
9.00115s 3 Ipv4L3Protocol:Receive(): [LOGIC] Forwarding to raw socket
9.00115s 3 PacketSink:HandleRead(): [INFO ] At time 9.00115s packet sink received 1220 bytes from 10.1.1.1 port 0 total Rx 12200 bytes
9.00115s 3 Ipv4L3Protocol:GetInterfaceForDevice(0x1341600, 0x1348cb0)
9.00115s 3 Ipv4L3Protocol:GetInterfaceForDevice(0x1341600, 0x1348cb0)
9.00115s 3 Ipv4L3Protocol:IsDestinationAddress(0x1341600, 10.1.1.2, 2)
9.00115s 3 Ipv4L3Protocol:GetNAddresses(0x1341600, 2)
9.00115s 3 Ipv4L3Protocol:GetInterface(0x1341600, 2)
9.00115s 3 Ipv4L3Protocol:GetAddress(0x1341600, 2, 0)
9.00115s 3 Ipv4L3Protocol:GetInterface(0x1341600, 2)
9.00115s 3 Ipv4L3Protocol:IsDestinationAddress(): [LOGIC] For me (destination 10.1.1.2 match)
9.00115s 3 Ipv4L3Protocol:LocalDeliver(0x1341600, 0x13505a0, 0x7ffe3d3f1680, 2)
9.00115s 3 Ipv4L3Protocol:GetProtocol(0x1341600, 0)
9.8s 1 Ipv4L3Protocol:GetRoutingProtocol(0x133ba10)
9.8s 1 Ipv4L3Protocol:GetRoutingProtocol(0x133ba10)
9.8s 1 Ipv4L3Protocol:GetNAddresses(0x133ba10, 2)
9.8s 1 Ipv4L3Protocol:GetInterface(0x133ba10, 2)
9.8s 1 Ipv4L3Protocol:GetAddress(0x133ba10, 2, 0)
9.8s 1 Ipv4L3Protocol:GetInterface(0x133ba10, 2)
9.8s 1 Ipv4L3Protocol:GetNetDevice(0x133ba10, 2)
9.8s 1 Ipv4L3Protocol:GetInterface(0x133ba10, 2)
9.8s 1 Ipv4L3Protocol:GetNAddresses(0x133ba10, 2)
9.8s 1 Ipv4L3Protocol:GetInterface(0x133ba10, 2)
9.8s 1 Ipv4L3Protocol:GetAddress(0x133ba10, 2, 0)
9.8s 1 Ipv4L3Protocol:GetInterface(0x133ba10, 2)
9.8s 1 Ipv4L3Protocol:GetNetDevice(0x133ba10, 2)
9.8s 1 Ipv4L3Protocol:GetInterface(0x133ba10, 2)
9.8s 1 Ipv4L3Protocol:Send(0x133ba10, 0x134f300, 10.1.1.1, 10.1.1.2, 0, 0x1350410)
9.8s 1 Ipv4L3Protocol:Send(): [INFO ] Send From : 10.1.1.1 to : 10.1.1.200x1350410
9.8s 1 Ipv4L3Protocol:GetNAddresses(0x133ba10, 0)
9.8s 1 Ipv4L3Protocol:GetInterface(0x133ba10, 0)
9.8s 1 Ipv4L3Protocol:GetAddress(0x133ba10, 0, 0)
9.8s 1 Ipv4L3Protocol:GetInterface(0x133ba10, 0)
9.8s 1 Ipv4L3Protocol:Send(): [LOGIC] Testing address 127.0.0.1 with mask 255.0.0.0
9.8s 1 Ipv4L3Protocol:GetNAddresses(0x133ba10, 0)
9.8s 1 Ipv4L3Protocol:GetInterface(0x133ba10, 0)
9.8s 1 Ipv4L3Protocol:GetNAddresses(0x133ba10, 1)
9.8s 1 Ipv4L3Protocol:GetInterface(0x133ba10, 1)
9.8s 1 Ipv4L3Protocol:GetAddress(0x133ba10, 1, 0)
9.8s 1 Ipv4L3Protocol:GetInterface(0x133ba10, 1)
9.8s 1 Ipv4L3Protocol:Send(): [LOGIC] Testing address 7.1.0.2 with mask 255.255.255.0
9.8s 1 Ipv4L3Protocol:GetNAddresses(0x133ba10, 1)
9.8s 1 Ipv4L3Protocol:GetInterface(0x133ba10, 1)
9.8s 1 Ipv4L3Protocol:GetNAddresses(0x133ba10, 2)
9.8s 1 Ipv4L3Protocol:GetInterface(0x133ba10, 2)
9.8s 1 Ipv4L3Protocol:GetAddress(0x133ba10, 2, 0)
9.8s 1 Ipv4L3Protocol:GetInterface(0x133ba10, 2)
9.8s 1 Ipv4L3Protocol:Send(): [LOGIC] Testing address 10.1.1.1 with mask 255.255.255.0
9.8s 1 Ipv4L3Protocol:GetNAddresses(0x133ba10, 2)
9.8s 1 Ipv4L3Protocol:GetInterface(0x133ba10, 2)
9.8s 1 Ipv4L3Protocol:Send(): [LOGIC] Ipv4L3Protocol::Send case 3:  passed in with route
9.8s 1 Ipv4L3Protocol:BuildHeader(0x133ba10, 10.1.1.1, 10.1.1.2, 0, 1200, 64, 0, 1)
9.8s 1 Ipv4L3Protocol:GetInterfaceForDevice(0x133ba10, 0x1344750)
9.8s 1 Ipv4L3Protocol:SendRealOut(0x133ba10, 0x1350410, 0x134ff10, 0x7ffe3d3f2c50)
9.8s 1 Ipv4L3Protocol:GetInterfaceForDevice(0x133ba10, 0x1344750)
9.8s 1 Ipv4L3Protocol:GetInterface(0x133ba10, 2)
9.8s 1 Ipv4L3Protocol:SendRealOut(): [LOGIC] Send via NetDevice ifIndex 2 ipv4InterfaceIndex 2
9.8s 1 Ipv4L3Protocol:SendRealOut(): [LOGIC] Send to destination 10.1.1.2
9.8s 1 OnOffApplication:SendPacket(): [INFO ] At time 9.8s on-off application sent 1200 bytes to 10.1.1.2 port 0 total Tx 13200 bytes
9.80115s 3 Ipv4L3Protocol:Receive(0x1341600, 0x1348cb0, 0x134f1f0, 2048, 02-06-00:00:00:00:00:05, 02-06-00:00:00:00:00:06, 0)
9.80115s 3 Ipv4L3Protocol:Receive(): [INFO ] Packet from 02-06-00:00:00:00:00:05 received on node 3
9.80115s 3 Ipv4L3Protocol:Receive(): [LOGIC] Forwarding to raw socket
9.80115s 3 PacketSink:HandleRead(): [INFO ] At time 9.80115s packet sink received 1220 bytes from 10.1.1.1 port 0 total Rx 13420 bytes
9.80115s 3 Ipv4L3Protocol:GetInterfaceForDevice(0x1341600, 0x1348cb0)
9.80115s 3 Ipv4L3Protocol:GetInterfaceForDevice(0x1341600, 0x1348cb0)
9.80115s 3 Ipv4L3Protocol:IsDestinationAddress(0x1341600, 10.1.1.2, 2)
9.80115s 3 Ipv4L3Protocol:GetNAddresses(0x1341600, 2)
9.80115s 3 Ipv4L3Protocol:GetInterface(0x1341600, 2)
9.80115s 3 Ipv4L3Protocol:GetAddress(0x1341600, 2, 0)
9.80115s 3 Ipv4L3Protocol:GetInterface(0x1341600, 2)
9.80115s 3 Ipv4L3Protocol:IsDestinationAddress(): [LOGIC] For me (destination 10.1.1.2 match)
9.80115s 3 Ipv4L3Protocol:LocalDeliver(0x1341600, 0x134f300, 0x7ffe3d3f1680, 2)
9.80115s 3 Ipv4L3Protocol:GetProtocol(0x1341600, 0)
10s 1 Ipv4L3Protocol:DeleteRawSocket(0x133ba10, 0x1350220)
11s 3 Ipv4L3Protocol:DeleteRawSocket(0x1341600, 0x134f0c0)
Interrupted 
