0 1 1024 2667 +3002667665.0ns +3002667665.0ns +3000000000.0ns 2667
1 1 1024 1496 +8001496333.0ns +8001496333.0ns +8000000000.0ns 1496
0 1 1024 13918 +3013918797.0ns +3013918797.0ns +3000000000.0ns 13918
1 1 1024 3711 +8003711999.0ns +8003711999.0ns +8000000000.0ns 3711
0 1 1024 13918 +3013918797.0ns +3013918797.0ns +3000000000.0ns 13918
1 1 1024 3711 +8003711999.0ns +8003711999.0ns +8000000000.0ns 3711
0 1 1024 13918 +3013918797.0ns +3013918797.0ns +3000000000.0ns 13918
1 1 1024 3711 +8003711999.0ns +8003711999.0ns +8000000000.0ns 3711
0 1 1024 13918 +3013918797.0ns +3013918797.0ns +3000000000.0ns 13918
1 1 1024 3711 +8003711999.0ns +8003711999.0ns +8000000000.0ns 3711
0 1 1024 7974 +3007974400.0ns +3007974400.0ns +3000000000.0ns 7974
1 1 1024 6213 +8006213599.0ns +8006213599.0ns +8000000000.0ns 6213
0 1 1024 7974 +3007974400.0ns +3007974400.0ns +3000000000.0ns 7974
1 1 1024 6213 +8006213599.0ns +8006213599.0ns +8000000000.0ns 6213
0 1 1024 7974 +3007974400.0ns +3007974400.0ns +3000000000.0ns 7974
1 1 1024 6213 +8006213599.0ns +8006213599.0ns +8000000000.0ns 6213
0 1 1024 7974 +3007974400.0ns +3007974400.0ns +3000000000.0ns 7974
1 1 1024 6213 +8006213599.0ns +8006213599.0ns +8000000000.0ns 6213
0 1 1024 2117 +3002117999.0ns +3002117999.0ns +3000000000.0ns 2117
1 1 1024 2424 +8002424665.0ns +8002424665.0ns +8000000000.0ns 2424
0 1 1024 2117 +3002117999.0ns +3002117999.0ns +3000000000.0ns 2117
1 1 1024 2424 +8002424665.0ns +8002424665.0ns +8000000000.0ns 2424
0 1 1024 2117 +3002117999.0ns +3002117999.0ns +3000000000.0ns 2117
1 1 1024 2424 +8002424665.0ns +8002424665.0ns +8000000000.0ns 2424
0 1 1024 2117 +3002117999.0ns +3002117999.0ns +3000000000.0ns 2117
1 1 1024 2424 +8002424665.0ns +8002424665.0ns +8000000000.0ns 2424
0 1 64 1408 +3001408016.0ns +3001408016.0ns +3000000000.0ns 1408
1 1 64 3266 +8003266016.0ns +8003266016.0ns +8000000000.0ns 3266
0 1 64 12218 +3012218048.0ns +3012218048.0ns +3000000000.0ns 12218
