Waf: Entering directory `/home/nico/Program/Mininet/ns3/ns-allinone-3.22/ns-3.22/build'
[1690/1826] cxx: scratch/csma-mesh.cc -> build/scratch/csma-mesh.cc.5.o
[1791/1826] cxxprogram: build/scratch/csma-mesh.cc.5.o -> build/scratch/csma-mesh
Waf: Leaving directory `/home/nico/Program/Mininet/ns3/ns-allinone-3.22/ns-3.22/build'
'build' finished successfully (3.206s)
0s -1 Ipv4L3Protocol:Ipv4L3Protocol(0x217ad90)
0s -1 Ipv4L3Protocol:SetIpForward(0x217ad90, 1)
0s -1 Ipv4L3Protocol:SetWeakEsModel(0x217ad90, 1)
0s -1 Ipv4L3Protocol:NotifyNewAggregate(0x217ad90)
0s -1 Ipv4L3Protocol:SetNode(0x217ad90, 0x2178d80)
0s -1 Ipv4L3Protocol:SetupLoopback(0x217ad90)
0s -1 Ipv4L3Protocol:AddIpv4Interface(0x217ad90, 0x2179eb0)
0s -1 Ipv4L3Protocol:NotifyNewAggregate(0x217ad90)
0s -1 Ipv4L3Protocol:Insert(0x217ad90, 0x217af90)
0s -1 Ipv4L3Protocol:NotifyNewAggregate(0x217ad90)
0s -1 Ipv4L3Protocol:NotifyNewAggregate(0x217ad90)
0s -1 Ipv4L3Protocol:SetRoutingProtocol(0x217ad90, 0x2179f20)
0s -1 Ipv4L3Protocol:GetNInterfaces(0x217ad90)
0s -1 Ipv4L3Protocol:IsUp(0x217ad90, 0)
0s -1 Ipv4L3Protocol:GetInterface(0x217ad90, 0)
0s -1 Ipv4L3Protocol:GetNAddresses(0x217ad90, 0)
0s -1 Ipv4L3Protocol:GetInterface(0x217ad90, 0)
0s -1 Ipv4L3Protocol:GetAddress(0x217ad90, 0, 0)
0s -1 Ipv4L3Protocol:GetInterface(0x217ad90, 0)
0s -1 Ipv4L3Protocol:GetAddress(0x217ad90, 0, 0)
0s -1 Ipv4L3Protocol:GetInterface(0x217ad90, 0)
0s -1 Ipv4L3Protocol:GetAddress(0x217ad90, 0, 0)
0s -1 Ipv4L3Protocol:GetInterface(0x217ad90, 0)
0s -1 Ipv4L3Protocol:GetAddress(0x217ad90, 0, 0)
0s -1 Ipv4L3Protocol:GetInterface(0x217ad90, 0)
0s -1 Ipv4L3Protocol:GetAddress(0x217ad90, 0, 0)
0s -1 Ipv4L3Protocol:GetInterface(0x217ad90, 0)
0s -1 Ipv4L3Protocol:GetAddress(0x217ad90, 0, 0)
0s -1 Ipv4L3Protocol:GetInterface(0x217ad90, 0)
0s -1 Ipv4L3Protocol:GetNAddresses(0x217ad90, 0)
0s -1 Ipv4L3Protocol:GetInterface(0x217ad90, 0)
0s -1 Ipv4L3Protocol:GetNInterfaces(0x217ad90)
0s -1 Ipv4L3Protocol:NotifyNewAggregate(0x217ad90)
0s -1 Ipv4L3Protocol:NotifyNewAggregate(0x217ad90)
0s -1 Ipv4L3Protocol:NotifyNewAggregate(0x217ad90)
0s -1 Ipv4L3Protocol:NotifyNewAggregate(0x217ad90)
0s -1 Ipv4L3Protocol:NotifyNewAggregate(0x217ad90)
0s -1 Ipv4L3Protocol:NotifyNewAggregate(0x217ad90)
0s -1 Ipv4L3Protocol:NotifyNewAggregate(0x217ad90)
0s -1 Ipv4L3Protocol:NotifyNewAggregate(0x217ad90)
0s -1 Ipv4L3Protocol:Insert(0x217ad90, 0x217c080)
0s -1 Ipv4L3Protocol:NotifyNewAggregate(0x217ad90)
0s -1 Ipv4L3Protocol:NotifyNewAggregate(0x217ad90)
0s -1 Ipv4L3Protocol:Insert(0x217ad90, 0x217c010)
0s -1 Ipv4L3Protocol:NotifyNewAggregate(0x217ad90)
0s -1 Ipv4L3Protocol:Ipv4L3Protocol(0x217ca10)
0s -1 Ipv4L3Protocol:SetIpForward(0x217ca10, 1)
0s -1 Ipv4L3Protocol:SetWeakEsModel(0x217ca10, 1)
0s -1 Ipv4L3Protocol:NotifyNewAggregate(0x217ca10)
0s -1 Ipv4L3Protocol:SetNode(0x217ca10, 0x21780f0)
0s -1 Ipv4L3Protocol:SetupLoopback(0x217ca10)
0s -1 Ipv4L3Protocol:AddIpv4Interface(0x217ca10, 0x217c130)
0s -1 Ipv4L3Protocol:NotifyNewAggregate(0x217ca10)
0s -1 Ipv4L3Protocol:Insert(0x217ca10, 0x217c750)
0s -1 Ipv4L3Protocol:NotifyNewAggregate(0x217ca10)
0s -1 Ipv4L3Protocol:NotifyNewAggregate(0x217ca10)
0s -1 Ipv4L3Protocol:SetRoutingProtocol(0x217ca10, 0x217c3a0)
0s -1 Ipv4L3Protocol:GetNInterfaces(0x217ca10)
0s -1 Ipv4L3Protocol:IsUp(0x217ca10, 0)
0s -1 Ipv4L3Protocol:GetInterface(0x217ca10, 0)
0s -1 Ipv4L3Protocol:GetNAddresses(0x217ca10, 0)
0s -1 Ipv4L3Protocol:GetInterface(0x217ca10, 0)
0s -1 Ipv4L3Protocol:GetAddress(0x217ca10, 0, 0)
0s -1 Ipv4L3Protocol:GetInterface(0x217ca10, 0)
0s -1 Ipv4L3Protocol:GetAddress(0x217ca10, 0, 0)
0s -1 Ipv4L3Protocol:GetInterface(0x217ca10, 0)
0s -1 Ipv4L3Protocol:GetAddress(0x217ca10, 0, 0)
0s -1 Ipv4L3Protocol:GetInterface(0x217ca10, 0)
0s -1 Ipv4L3Protocol:GetAddress(0x217ca10, 0, 0)
0s -1 Ipv4L3Protocol:GetInterface(0x217ca10, 0)
0s -1 Ipv4L3Protocol:GetAddress(0x217ca10, 0, 0)
0s -1 Ipv4L3Protocol:GetInterface(0x217ca10, 0)
0s -1 Ipv4L3Protocol:GetAddress(0x217ca10, 0, 0)
0s -1 Ipv4L3Protocol:GetInterface(0x217ca10, 0)
0s -1 Ipv4L3Protocol:GetNAddresses(0x217ca10, 0)
0s -1 Ipv4L3Protocol:GetInterface(0x217ca10, 0)
0s -1 Ipv4L3Protocol:GetNInterfaces(0x217ca10)
0s -1 Ipv4L3Protocol:NotifyNewAggregate(0x217ca10)
0s -1 Ipv4L3Protocol:NotifyNewAggregate(0x217ca10)
0s -1 Ipv4L3Protocol:NotifyNewAggregate(0x217ca10)
0s -1 Ipv4L3Protocol:NotifyNewAggregate(0x217ca10)
0s -1 Ipv4L3Protocol:NotifyNewAggregate(0x217ca10)
0s -1 Ipv4L3Protocol:NotifyNewAggregate(0x217ca10)
0s -1 Ipv4L3Protocol:NotifyNewAggregate(0x217ca10)
0s -1 Ipv4L3Protocol:NotifyNewAggregate(0x217ca10)
0s -1 Ipv4L3Protocol:Insert(0x217ca10, 0x217dcc0)
0s -1 Ipv4L3Protocol:NotifyNewAggregate(0x217ca10)
0s -1 Ipv4L3Protocol:NotifyNewAggregate(0x217ca10)
0s -1 Ipv4L3Protocol:Insert(0x217ca10, 0x217dc50)
0s -1 Ipv4L3Protocol:NotifyNewAggregate(0x217ca10)
0s -1 Ipv4L3Protocol:GetInterfaceForDevice(0x217ad90, 0x21793a0)
0s -1 Ipv4L3Protocol:AddInterface(0x217ad90, 0x21793a0)
0s -1 Ipv4L3Protocol:AddIpv4Interface(0x217ad90, 0x217dd70)
0s -1 Ipv4L3Protocol:AddAddress(0x217ad90, 1, m_local=7.1.0.1; m_mask=255.255.255.0; m_broadcast=7.1.0.255; m_scope=2; m_secondary=0)
0s -1 Ipv4L3Protocol:GetInterface(0x217ad90, 1)
0s -1 Ipv4L3Protocol:IsUp(0x217ad90, 1)
0s -1 Ipv4L3Protocol:GetInterface(0x217ad90, 1)
0s -1 Ipv4L3Protocol:SetMetric(0x217ad90, 1, 1)
0s -1 Ipv4L3Protocol:GetInterface(0x217ad90, 1)
0s -1 Ipv4L3Protocol:SetUp(0x217ad90, 1)
0s -1 Ipv4L3Protocol:GetInterface(0x217ad90, 1)
0s -1 Ipv4L3Protocol:GetNAddresses(0x217ad90, 1)
0s -1 Ipv4L3Protocol:GetInterface(0x217ad90, 1)
0s -1 Ipv4L3Protocol:GetAddress(0x217ad90, 1, 0)
0s -1 Ipv4L3Protocol:GetInterface(0x217ad90, 1)
0s -1 Ipv4L3Protocol:GetAddress(0x217ad90, 1, 0)
0s -1 Ipv4L3Protocol:GetInterface(0x217ad90, 1)
0s -1 Ipv4L3Protocol:GetAddress(0x217ad90, 1, 0)
0s -1 Ipv4L3Protocol:GetInterface(0x217ad90, 1)
0s -1 Ipv4L3Protocol:GetAddress(0x217ad90, 1, 0)
0s -1 Ipv4L3Protocol:GetInterface(0x217ad90, 1)
0s -1 Ipv4L3Protocol:GetAddress(0x217ad90, 1, 0)
0s -1 Ipv4L3Protocol:GetInterface(0x217ad90, 1)
0s -1 Ipv4L3Protocol:GetAddress(0x217ad90, 1, 0)
0s -1 Ipv4L3Protocol:GetInterface(0x217ad90, 1)
0s -1 Ipv4L3Protocol:GetNAddresses(0x217ad90, 1)
0s -1 Ipv4L3Protocol:GetInterface(0x217ad90, 1)
0s -1 Ipv4L3Protocol:GetInterfaceForDevice(0x217ca10, 0x2179810)
0s -1 Ipv4L3Protocol:AddInterface(0x217ca10, 0x2179810)
0s -1 Ipv4L3Protocol:AddIpv4Interface(0x217ca10, 0x217ee70)
0s -1 Ipv4L3Protocol:AddAddress(0x217ca10, 1, m_local=7.1.0.2; m_mask=255.255.255.0; m_broadcast=7.1.0.255; m_scope=2; m_secondary=0)
0s -1 Ipv4L3Protocol:GetInterface(0x217ca10, 1)
0s -1 Ipv4L3Protocol:IsUp(0x217ca10, 1)
0s -1 Ipv4L3Protocol:GetInterface(0x217ca10, 1)
0s -1 Ipv4L3Protocol:SetMetric(0x217ca10, 1, 1)
0s -1 Ipv4L3Protocol:GetInterface(0x217ca10, 1)
0s -1 Ipv4L3Protocol:SetUp(0x217ca10, 1)
0s -1 Ipv4L3Protocol:GetInterface(0x217ca10, 1)
0s -1 Ipv4L3Protocol:GetNAddresses(0x217ca10, 1)
0s -1 Ipv4L3Protocol:GetInterface(0x217ca10, 1)
0s -1 Ipv4L3Protocol:GetAddress(0x217ca10, 1, 0)
0s -1 Ipv4L3Protocol:GetInterface(0x217ca10, 1)
0s -1 Ipv4L3Protocol:GetAddress(0x217ca10, 1, 0)
0s -1 Ipv4L3Protocol:GetInterface(0x217ca10, 1)
0s -1 Ipv4L3Protocol:GetAddress(0x217ca10, 1, 0)
0s -1 Ipv4L3Protocol:GetInterface(0x217ca10, 1)
0s -1 Ipv4L3Protocol:GetAddress(0x217ca10, 1, 0)
0s -1 Ipv4L3Protocol:GetInterface(0x217ca10, 1)
0s -1 Ipv4L3Protocol:GetAddress(0x217ca10, 1, 0)
0s -1 Ipv4L3Protocol:GetInterface(0x217ca10, 1)
0s -1 Ipv4L3Protocol:GetAddress(0x217ca10, 1, 0)
0s -1 Ipv4L3Protocol:GetInterface(0x217ca10, 1)
0s -1 Ipv4L3Protocol:GetNAddresses(0x217ca10, 1)
0s -1 Ipv4L3Protocol:GetInterface(0x217ca10, 1)
0s -1 Ipv4L3Protocol:Ipv4L3Protocol(0x21809c0)
0s -1 Ipv4L3Protocol:SetIpForward(0x21809c0, 1)
0s -1 Ipv4L3Protocol:SetWeakEsModel(0x21809c0, 1)
0s -1 Ipv4L3Protocol:NotifyNewAggregate(0x21809c0)
0s -1 Ipv4L3Protocol:SetNode(0x21809c0, 0x2178230)
0s -1 Ipv4L3Protocol:SetupLoopback(0x21809c0)
0s -1 Ipv4L3Protocol:AddIpv4Interface(0x21809c0, 0x21803c0)
0s -1 Ipv4L3Protocol:NotifyNewAggregate(0x21809c0)
0s -1 Ipv4L3Protocol:Insert(0x21809c0, 0x21805e0)
0s -1 Ipv4L3Protocol:NotifyNewAggregate(0x21809c0)
0s -1 Ipv4L3Protocol:NotifyNewAggregate(0x21809c0)
0s -1 Ipv4L3Protocol:SetRoutingProtocol(0x21809c0, 0x2180430)
0s -1 Ipv4L3Protocol:GetNInterfaces(0x21809c0)
0s -1 Ipv4L3Protocol:IsUp(0x21809c0, 0)
0s -1 Ipv4L3Protocol:GetInterface(0x21809c0, 0)
0s -1 Ipv4L3Protocol:GetNAddresses(0x21809c0, 0)
0s -1 Ipv4L3Protocol:GetInterface(0x21809c0, 0)
0s -1 Ipv4L3Protocol:GetAddress(0x21809c0, 0, 0)
0s -1 Ipv4L3Protocol:GetInterface(0x21809c0, 0)
0s -1 Ipv4L3Protocol:GetAddress(0x21809c0, 0, 0)
0s -1 Ipv4L3Protocol:GetInterface(0x21809c0, 0)
0s -1 Ipv4L3Protocol:GetAddress(0x21809c0, 0, 0)
0s -1 Ipv4L3Protocol:GetInterface(0x21809c0, 0)
0s -1 Ipv4L3Protocol:GetAddress(0x21809c0, 0, 0)
0s -1 Ipv4L3Protocol:GetInterface(0x21809c0, 0)
0s -1 Ipv4L3Protocol:GetAddress(0x21809c0, 0, 0)
0s -1 Ipv4L3Protocol:GetInterface(0x21809c0, 0)
0s -1 Ipv4L3Protocol:GetAddress(0x21809c0, 0, 0)
0s -1 Ipv4L3Protocol:GetInterface(0x21809c0, 0)
0s -1 Ipv4L3Protocol:GetNAddresses(0x21809c0, 0)
0s -1 Ipv4L3Protocol:GetInterface(0x21809c0, 0)
0s -1 Ipv4L3Protocol:GetNInterfaces(0x21809c0)
0s -1 Ipv4L3Protocol:NotifyNewAggregate(0x21809c0)
0s -1 Ipv4L3Protocol:NotifyNewAggregate(0x21809c0)
0s -1 Ipv4L3Protocol:NotifyNewAggregate(0x21809c0)
0s -1 Ipv4L3Protocol:NotifyNewAggregate(0x21809c0)
0s -1 Ipv4L3Protocol:NotifyNewAggregate(0x21809c0)
0s -1 Ipv4L3Protocol:NotifyNewAggregate(0x21809c0)
0s -1 Ipv4L3Protocol:NotifyNewAggregate(0x21809c0)
0s -1 Ipv4L3Protocol:NotifyNewAggregate(0x21809c0)
0s -1 Ipv4L3Protocol:Insert(0x21809c0, 0x2181c70)
0s -1 Ipv4L3Protocol:NotifyNewAggregate(0x21809c0)
0s -1 Ipv4L3Protocol:NotifyNewAggregate(0x21809c0)
0s -1 Ipv4L3Protocol:Insert(0x21809c0, 0x2181c00)
0s -1 Ipv4L3Protocol:NotifyNewAggregate(0x21809c0)
0s -1 Ipv4L3Protocol:Ipv4L3Protocol(0x2182600)
0s -1 Ipv4L3Protocol:SetIpForward(0x2182600, 1)
0s -1 Ipv4L3Protocol:SetWeakEsModel(0x2182600, 1)
0s -1 Ipv4L3Protocol:NotifyNewAggregate(0x2182600)
0s -1 Ipv4L3Protocol:SetNode(0x2182600, 0x2178360)
0s -1 Ipv4L3Protocol:SetupLoopback(0x2182600)
0s -1 Ipv4L3Protocol:AddIpv4Interface(0x2182600, 0x2181d20)
0s -1 Ipv4L3Protocol:NotifyNewAggregate(0x2182600)
0s -1 Ipv4L3Protocol:Insert(0x2182600, 0x2182340)
0s -1 Ipv4L3Protocol:NotifyNewAggregate(0x2182600)
0s -1 Ipv4L3Protocol:NotifyNewAggregate(0x2182600)
0s -1 Ipv4L3Protocol:SetRoutingProtocol(0x2182600, 0x2181f90)
0s -1 Ipv4L3Protocol:GetNInterfaces(0x2182600)
0s -1 Ipv4L3Protocol:IsUp(0x2182600, 0)
0s -1 Ipv4L3Protocol:GetInterface(0x2182600, 0)
0s -1 Ipv4L3Protocol:GetNAddresses(0x2182600, 0)
0s -1 Ipv4L3Protocol:GetInterface(0x2182600, 0)
0s -1 Ipv4L3Protocol:GetAddress(0x2182600, 0, 0)
0s -1 Ipv4L3Protocol:GetInterface(0x2182600, 0)
0s -1 Ipv4L3Protocol:GetAddress(0x2182600, 0, 0)
0s -1 Ipv4L3Protocol:GetInterface(0x2182600, 0)
0s -1 Ipv4L3Protocol:GetAddress(0x2182600, 0, 0)
0s -1 Ipv4L3Protocol:GetInterface(0x2182600, 0)
0s -1 Ipv4L3Protocol:GetAddress(0x2182600, 0, 0)
0s -1 Ipv4L3Protocol:GetInterface(0x2182600, 0)
0s -1 Ipv4L3Protocol:GetAddress(0x2182600, 0, 0)
0s -1 Ipv4L3Protocol:GetInterface(0x2182600, 0)
0s -1 Ipv4L3Protocol:GetAddress(0x2182600, 0, 0)
0s -1 Ipv4L3Protocol:GetInterface(0x2182600, 0)
0s -1 Ipv4L3Protocol:GetNAddresses(0x2182600, 0)
0s -1 Ipv4L3Protocol:GetInterface(0x2182600, 0)
0s -1 Ipv4L3Protocol:GetNInterfaces(0x2182600)
0s -1 Ipv4L3Protocol:NotifyNewAggregate(0x2182600)
0s -1 Ipv4L3Protocol:NotifyNewAggregate(0x2182600)
0s -1 Ipv4L3Protocol:NotifyNewAggregate(0x2182600)
0s -1 Ipv4L3Protocol:NotifyNewAggregate(0x2182600)
0s -1 Ipv4L3Protocol:NotifyNewAggregate(0x2182600)
0s -1 Ipv4L3Protocol:NotifyNewAggregate(0x2182600)
0s -1 Ipv4L3Protocol:NotifyNewAggregate(0x2182600)
0s -1 Ipv4L3Protocol:NotifyNewAggregate(0x2182600)
0s -1 Ipv4L3Protocol:Insert(0x2182600, 0x21838b0)
0s -1 Ipv4L3Protocol:NotifyNewAggregate(0x2182600)
0s -1 Ipv4L3Protocol:NotifyNewAggregate(0x2182600)
0s -1 Ipv4L3Protocol:Insert(0x2182600, 0x2183840)
0s -1 Ipv4L3Protocol:NotifyNewAggregate(0x2182600)
0s -1 Ipv4L3Protocol:GetInterfaceForDevice(0x21809c0, 0x217f8e0)
0s -1 Ipv4L3Protocol:AddInterface(0x21809c0, 0x217f8e0)
0s -1 Ipv4L3Protocol:AddIpv4Interface(0x21809c0, 0x2183960)
0s -1 Ipv4L3Protocol:AddAddress(0x21809c0, 1, m_local=7.2.0.1; m_mask=255.255.255.0; m_broadcast=7.2.0.255; m_scope=2; m_secondary=0)
0s -1 Ipv4L3Protocol:GetInterface(0x21809c0, 1)
0s -1 Ipv4L3Protocol:IsUp(0x21809c0, 1)
0s -1 Ipv4L3Protocol:GetInterface(0x21809c0, 1)
0s -1 Ipv4L3Protocol:SetMetric(0x21809c0, 1, 1)
0s -1 Ipv4L3Protocol:GetInterface(0x21809c0, 1)
0s -1 Ipv4L3Protocol:SetUp(0x21809c0, 1)
0s -1 Ipv4L3Protocol:GetInterface(0x21809c0, 1)
0s -1 Ipv4L3Protocol:GetNAddresses(0x21809c0, 1)
0s -1 Ipv4L3Protocol:GetInterface(0x21809c0, 1)
0s -1 Ipv4L3Protocol:GetAddress(0x21809c0, 1, 0)
0s -1 Ipv4L3Protocol:GetInterface(0x21809c0, 1)
0s -1 Ipv4L3Protocol:GetAddress(0x21809c0, 1, 0)
0s -1 Ipv4L3Protocol:GetInterface(0x21809c0, 1)
0s -1 Ipv4L3Protocol:GetAddress(0x21809c0, 1, 0)
0s -1 Ipv4L3Protocol:GetInterface(0x21809c0, 1)
0s -1 Ipv4L3Protocol:GetAddress(0x21809c0, 1, 0)
0s -1 Ipv4L3Protocol:GetInterface(0x21809c0, 1)
0s -1 Ipv4L3Protocol:GetAddress(0x21809c0, 1, 0)
0s -1 Ipv4L3Protocol:GetInterface(0x21809c0, 1)
0s -1 Ipv4L3Protocol:GetAddress(0x21809c0, 1, 0)
0s -1 Ipv4L3Protocol:GetInterface(0x21809c0, 1)
0s -1 Ipv4L3Protocol:GetNAddresses(0x21809c0, 1)
0s -1 Ipv4L3Protocol:GetInterface(0x21809c0, 1)
0s -1 Ipv4L3Protocol:GetInterfaceForDevice(0x2182600, 0x217fd60)
0s -1 Ipv4L3Protocol:AddInterface(0x2182600, 0x217fd60)
0s -1 Ipv4L3Protocol:AddIpv4Interface(0x2182600, 0x2184760)
0s -1 Ipv4L3Protocol:AddAddress(0x2182600, 1, m_local=7.2.0.2; m_mask=255.255.255.0; m_broadcast=7.2.0.255; m_scope=2; m_secondary=0)
0s -1 Ipv4L3Protocol:GetInterface(0x2182600, 1)
0s -1 Ipv4L3Protocol:IsUp(0x2182600, 1)
0s -1 Ipv4L3Protocol:GetInterface(0x2182600, 1)
0s -1 Ipv4L3Protocol:SetMetric(0x2182600, 1, 1)
0s -1 Ipv4L3Protocol:GetInterface(0x2182600, 1)
0s -1 Ipv4L3Protocol:SetUp(0x2182600, 1)
0s -1 Ipv4L3Protocol:GetInterface(0x2182600, 1)
0s -1 Ipv4L3Protocol:GetNAddresses(0x2182600, 1)
0s -1 Ipv4L3Protocol:GetInterface(0x2182600, 1)
0s -1 Ipv4L3Protocol:GetAddress(0x2182600, 1, 0)
0s -1 Ipv4L3Protocol:GetInterface(0x2182600, 1)
0s -1 Ipv4L3Protocol:GetAddress(0x2182600, 1, 0)
0s -1 Ipv4L3Protocol:GetInterface(0x2182600, 1)
0s -1 Ipv4L3Protocol:GetAddress(0x2182600, 1, 0)
0s -1 Ipv4L3Protocol:GetInterface(0x2182600, 1)
0s -1 Ipv4L3Protocol:GetAddress(0x2182600, 1, 0)
0s -1 Ipv4L3Protocol:GetInterface(0x2182600, 1)
0s -1 Ipv4L3Protocol:GetAddress(0x2182600, 1, 0)
0s -1 Ipv4L3Protocol:GetInterface(0x2182600, 1)
0s -1 Ipv4L3Protocol:GetAddress(0x2182600, 1, 0)
0s -1 Ipv4L3Protocol:GetInterface(0x2182600, 1)
0s -1 Ipv4L3Protocol:GetNAddresses(0x2182600, 1)
0s -1 Ipv4L3Protocol:GetInterface(0x2182600, 1)
0s -1 Ipv4L3Protocol:GetInterfaceForDevice(0x217ca10, 0x2185750)
0s -1 Ipv4L3Protocol:AddInterface(0x217ca10, 0x2185750)
0s -1 Ipv4L3Protocol:AddIpv4Interface(0x217ca10, 0x2178540)
0s -1 Ipv4L3Protocol:AddAddress(0x217ca10, 2, m_local=10.1.1.1; m_mask=255.255.255.0; m_broadcast=10.1.1.255; m_scope=2; m_secondary=0)
0s -1 Ipv4L3Protocol:GetInterface(0x217ca10, 2)
0s -1 Ipv4L3Protocol:IsUp(0x217ca10, 2)
0s -1 Ipv4L3Protocol:GetInterface(0x217ca10, 2)
0s -1 Ipv4L3Protocol:SetMetric(0x217ca10, 2, 1)
0s -1 Ipv4L3Protocol:GetInterface(0x217ca10, 2)
0s -1 Ipv4L3Protocol:SetUp(0x217ca10, 2)
0s -1 Ipv4L3Protocol:GetInterface(0x217ca10, 2)
0s -1 Ipv4L3Protocol:GetNAddresses(0x217ca10, 2)
0s -1 Ipv4L3Protocol:GetInterface(0x217ca10, 2)
0s -1 Ipv4L3Protocol:GetAddress(0x217ca10, 2, 0)
0s -1 Ipv4L3Protocol:GetInterface(0x217ca10, 2)
0s -1 Ipv4L3Protocol:GetAddress(0x217ca10, 2, 0)
0s -1 Ipv4L3Protocol:GetInterface(0x217ca10, 2)
0s -1 Ipv4L3Protocol:GetAddress(0x217ca10, 2, 0)
0s -1 Ipv4L3Protocol:GetInterface(0x217ca10, 2)
0s -1 Ipv4L3Protocol:GetAddress(0x217ca10, 2, 0)
0s -1 Ipv4L3Protocol:GetInterface(0x217ca10, 2)
0s -1 Ipv4L3Protocol:GetAddress(0x217ca10, 2, 0)
0s -1 Ipv4L3Protocol:GetInterface(0x217ca10, 2)
0s -1 Ipv4L3Protocol:GetAddress(0x217ca10, 2, 0)
0s -1 Ipv4L3Protocol:GetInterface(0x217ca10, 2)
0s -1 Ipv4L3Protocol:GetNAddresses(0x217ca10, 2)
0s -1 Ipv4L3Protocol:GetInterface(0x217ca10, 2)
0s -1 Ipv4L3Protocol:GetInterfaceForDevice(0x2182600, 0x2189cb0)
0s -1 Ipv4L3Protocol:AddInterface(0x2182600, 0x2189cb0)
0s -1 Ipv4L3Protocol:AddIpv4Interface(0x2182600, 0x218e1a0)
0s -1 Ipv4L3Protocol:AddAddress(0x2182600, 2, m_local=10.1.1.2; m_mask=255.255.255.0; m_broadcast=10.1.1.255; m_scope=2; m_secondary=0)
0s -1 Ipv4L3Protocol:GetInterface(0x2182600, 2)
0s -1 Ipv4L3Protocol:IsUp(0x2182600, 2)
0s -1 Ipv4L3Protocol:GetInterface(0x2182600, 2)
0s -1 Ipv4L3Protocol:SetMetric(0x2182600, 2, 1)
0s -1 Ipv4L3Protocol:GetInterface(0x2182600, 2)
0s -1 Ipv4L3Protocol:SetUp(0x2182600, 2)
0s -1 Ipv4L3Protocol:GetInterface(0x2182600, 2)
0s -1 Ipv4L3Protocol:GetNAddresses(0x2182600, 2)
0s -1 Ipv4L3Protocol:GetInterface(0x2182600, 2)
0s -1 Ipv4L3Protocol:GetAddress(0x2182600, 2, 0)
0s -1 Ipv4L3Protocol:GetInterface(0x2182600, 2)
0s -1 Ipv4L3Protocol:GetAddress(0x2182600, 2, 0)
0s -1 Ipv4L3Protocol:GetInterface(0x2182600, 2)
0s -1 Ipv4L3Protocol:GetAddress(0x2182600, 2, 0)
0s -1 Ipv4L3Protocol:GetInterface(0x2182600, 2)
0s -1 Ipv4L3Protocol:GetAddress(0x2182600, 2, 0)
0s -1 Ipv4L3Protocol:GetInterface(0x2182600, 2)
0s -1 Ipv4L3Protocol:GetAddress(0x2182600, 2, 0)
0s -1 Ipv4L3Protocol:GetInterface(0x2182600, 2)
0s -1 Ipv4L3Protocol:GetAddress(0x2182600, 2, 0)
0s -1 Ipv4L3Protocol:GetInterface(0x2182600, 2)
0s -1 Ipv4L3Protocol:GetNAddresses(0x2182600, 2)
0s -1 Ipv4L3Protocol:GetInterface(0x2182600, 2)
0s -1 Ipv4L3Protocol:GetRoutingProtocol(0x217ad90)
0s -1 Ipv4L3Protocol:GetRoutingProtocol(0x21809c0)
0s -1 Ipv4L3Protocol:GetRoutingProtocol(0x217ca10)
0s -1 Ipv4L3Protocol:GetRoutingProtocol(0x2182600)
0s -1 Ipv4L3Protocol:GetAddress(0x217ca10, 1, 0)
0s -1 Ipv4L3Protocol:GetInterface(0x217ca10, 1)
0s -1 Ipv4L3Protocol:GetInterfaceForAddress(0x217ca10, 7.1.0.2)
CSMA-MESH Left IP address 1 : 7.1.0.2 1Node ID : 1
0s -1 Ipv4L3Protocol:GetAddress(0x217ca10, 2, 0)
0s -1 Ipv4L3Protocol:GetInterface(0x217ca10, 2)
0s -1 Ipv4L3Protocol:GetInterfaceForAddress(0x217ca10, 10.1.1.1)
CSMA-MESH Left IP address 2 : 10.1.1.1 2Node ID : 1
0s -1 Ipv4L3Protocol:GetAddress(0x2182600, 1, 0)
0s -1 Ipv4L3Protocol:GetInterface(0x2182600, 1)
0s -1 Ipv4L3Protocol:GetInterfaceForAddress(0x2182600, 7.2.0.2)
CSMA-MESH right IP address 1 : 7.2.0.2 1Node ID : 3
0s -1 Ipv4L3Protocol:GetAddress(0x2182600, 2, 0)
0s -1 Ipv4L3Protocol:GetInterface(0x2182600, 2)
0s -1 Ipv4L3Protocol:GetInterfaceForAddress(0x2182600, 10.1.1.2)
CSMA-MESH right IP address 2 : 10.1.1.2 2Node ID : 3
0s -1 Ipv4L3Protocol:GetAddress(0x217ad90, 1, 0)
0s -1 Ipv4L3Protocol:GetInterface(0x217ad90, 1)
0s -1 Ipv4L3Protocol:GetInterfaceForAddress(0x217ad90, 7.1.0.1)
CSMA-Tap Left IP address 1 : 7.1.0.1 1Node ID : 0
0s -1 Ipv4L3Protocol:GetAddress(0x21809c0, 1, 0)
0s -1 Ipv4L3Protocol:GetInterface(0x21809c0, 1)
0s -1 Ipv4L3Protocol:GetInterfaceForAddress(0x21809c0, 7.2.0.1)
CSMA-Tap Right IP address 1 : 7.2.0.1 1Node ID : 2
0s -1 Ipv4L3Protocol:GetAddress(0x2182600, 2, 0)
0s -1 Ipv4L3Protocol:GetInterface(0x2182600, 2)
1s 1 Ipv4L3Protocol:GetRoutingProtocol(0x217ca10)
1s 1 Ipv4L3Protocol:GetRoutingProtocol(0x217ca10)
1s 1 Ipv4L3Protocol:GetNAddresses(0x217ca10, 2)
1s 1 Ipv4L3Protocol:GetInterface(0x217ca10, 2)
1s 1 Ipv4L3Protocol:GetAddress(0x217ca10, 2, 0)
1s 1 Ipv4L3Protocol:GetInterface(0x217ca10, 2)
1s 1 Ipv4L3Protocol:GetNetDevice(0x217ca10, 2)
1s 1 Ipv4L3Protocol:GetInterface(0x217ca10, 2)
1s 1 Ipv4L3Protocol:GetNAddresses(0x217ca10, 2)
1s 1 Ipv4L3Protocol:GetInterface(0x217ca10, 2)
1s 1 Ipv4L3Protocol:GetAddress(0x217ca10, 2, 0)
1s 1 Ipv4L3Protocol:GetInterface(0x217ca10, 2)
1s 1 Ipv4L3Protocol:GetNetDevice(0x217ca10, 2)
1s 1 Ipv4L3Protocol:GetInterface(0x217ca10, 2)
1s 1 Ipv4L3Protocol:GetRoutingProtocol(0x217ca10)
1s 1 Ipv4L3Protocol:GetRoutingProtocol(0x217ca10)
1s 1 Ipv4L3Protocol:GetNAddresses(0x217ca10, 2)
1s 1 Ipv4L3Protocol:GetInterface(0x217ca10, 2)
1s 1 Ipv4L3Protocol:GetAddress(0x217ca10, 2, 0)
1s 1 Ipv4L3Protocol:GetInterface(0x217ca10, 2)
1s 1 Ipv4L3Protocol:GetNetDevice(0x217ca10, 2)
1s 1 Ipv4L3Protocol:GetInterface(0x217ca10, 2)
1s 1 Ipv4L3Protocol:GetNAddresses(0x217ca10, 2)
1s 1 Ipv4L3Protocol:GetInterface(0x217ca10, 2)
1s 1 Ipv4L3Protocol:GetAddress(0x217ca10, 2, 0)
1s 1 Ipv4L3Protocol:GetInterface(0x217ca10, 2)
1s 1 Ipv4L3Protocol:GetNetDevice(0x217ca10, 2)
1s 1 Ipv4L3Protocol:GetInterface(0x217ca10, 2)
1s 1 Ipv4L3Protocol:Send(0x217ca10, 0x2190950, 10.1.1.1, 10.1.1.2, 6, 0x2191f20)
1s 1 Ipv4L3Protocol:Send(): [INFO ] Send From : 10.1.1.1 to : 10.1.1.260x2191f20
1s 1 Ipv4L3Protocol:GetNAddresses(0x217ca10, 0)
1s 1 Ipv4L3Protocol:GetInterface(0x217ca10, 0)
1s 1 Ipv4L3Protocol:GetAddress(0x217ca10, 0, 0)
1s 1 Ipv4L3Protocol:GetInterface(0x217ca10, 0)
1s 1 Ipv4L3Protocol:Send(): [LOGIC] Testing address 127.0.0.1 with mask 255.0.0.0
1s 1 Ipv4L3Protocol:GetNAddresses(0x217ca10, 0)
1s 1 Ipv4L3Protocol:GetInterface(0x217ca10, 0)
1s 1 Ipv4L3Protocol:GetNAddresses(0x217ca10, 1)
1s 1 Ipv4L3Protocol:GetInterface(0x217ca10, 1)
1s 1 Ipv4L3Protocol:GetAddress(0x217ca10, 1, 0)
1s 1 Ipv4L3Protocol:GetInterface(0x217ca10, 1)
1s 1 Ipv4L3Protocol:Send(): [LOGIC] Testing address 7.1.0.2 with mask 255.255.255.0
1s 1 Ipv4L3Protocol:GetNAddresses(0x217ca10, 1)
1s 1 Ipv4L3Protocol:GetInterface(0x217ca10, 1)
1s 1 Ipv4L3Protocol:GetNAddresses(0x217ca10, 2)
1s 1 Ipv4L3Protocol:GetInterface(0x217ca10, 2)
1s 1 Ipv4L3Protocol:GetAddress(0x217ca10, 2, 0)
1s 1 Ipv4L3Protocol:GetInterface(0x217ca10, 2)
1s 1 Ipv4L3Protocol:Send(): [LOGIC] Testing address 10.1.1.1 with mask 255.255.255.0
1s 1 Ipv4L3Protocol:GetNAddresses(0x217ca10, 2)
1s 1 Ipv4L3Protocol:GetInterface(0x217ca10, 2)
1s 1 Ipv4L3Protocol:Send(): [LOGIC] Ipv4L3Protocol::Send case 3:  passed in with route
1s 1 Ipv4L3Protocol:BuildHeader(0x217ca10, 10.1.1.1, 10.1.1.2, 6, 36, 64, 0, 1)
1s 1 Ipv4L3Protocol:GetInterfaceForDevice(0x217ca10, 0x2185750)
1s 1 Ipv4L3Protocol:SendRealOut(0x217ca10, 0x2191f20, 0x2191230, 0x7fffc9ef80f0)
1s 1 Ipv4L3Protocol:GetInterfaceForDevice(0x217ca10, 0x2185750)
1s 1 Ipv4L3Protocol:GetInterface(0x217ca10, 2)
1s 1 Ipv4L3Protocol:SendRealOut(): [LOGIC] Send via NetDevice ifIndex 2 ipv4InterfaceIndex 2
1s 1 Ipv4L3Protocol:SendRealOut(): [LOGIC] Send to destination 10.1.1.2
1s 1 Ipv4L3Protocol:SelectSourceAddress(0x217ca10, 0x2185750, 10.1.1.2, 2)
1s 1 Ipv4L3Protocol:GetInterfaceForDevice(0x217ca10, 0x2185750)
1s 1 Ipv4L3Protocol:GetNAddresses(0x217ca10, 2)
1s 1 Ipv4L3Protocol:GetInterface(0x217ca10, 2)
1s 1 Ipv4L3Protocol:GetAddress(0x217ca10, 2, 0)
1s 1 Ipv4L3Protocol:GetInterface(0x217ca10, 2)
1.00134s 3 Ipv4L3Protocol:Receive(0x2182600, 0x2189cb0, 0x2192080, 2048, 02-06-00:00:00:00:00:05, 02-06-00:00:00:00:00:06, 0)
1.00134s 3 Ipv4L3Protocol:Receive(): [INFO ] Packet from 02-06-00:00:00:00:00:05 received on node 3
1.00134s 3 Ipv4L3Protocol:GetInterfaceForDevice(0x2182600, 0x2189cb0)
1.00134s 3 Ipv4L3Protocol:GetInterfaceForDevice(0x2182600, 0x2189cb0)
1.00134s 3 Ipv4L3Protocol:IsDestinationAddress(0x2182600, 10.1.1.2, 2)
1.00134s 3 Ipv4L3Protocol:GetNAddresses(0x2182600, 2)
1.00134s 3 Ipv4L3Protocol:GetInterface(0x2182600, 2)
1.00134s 3 Ipv4L3Protocol:GetAddress(0x2182600, 2, 0)
1.00134s 3 Ipv4L3Protocol:GetInterface(0x2182600, 2)
1.00134s 3 Ipv4L3Protocol:IsDestinationAddress(): [LOGIC] For me (destination 10.1.1.2 match)
1.00134s 3 Ipv4L3Protocol:LocalDeliver(0x2182600, 0x2190950, 0x7fffc9ef6fa0, 2)
1.00134s 3 Ipv4L3Protocol:GetProtocol(0x2182600, 6)
1.00134s 3 Ipv4L3Protocol:GetInterface(0x2182600, 2)
1.00134s 3 Ipv4L3Protocol:GetRoutingProtocol(0x2182600)
1.00134s 3 Ipv4L3Protocol:GetRoutingProtocol(0x2182600)
1.00134s 3 Ipv4L3Protocol:GetNAddresses(0x2182600, 2)
1.00134s 3 Ipv4L3Protocol:GetInterface(0x2182600, 2)
1.00134s 3 Ipv4L3Protocol:GetAddress(0x2182600, 2, 0)
1.00134s 3 Ipv4L3Protocol:GetInterface(0x2182600, 2)
1.00134s 3 Ipv4L3Protocol:GetNetDevice(0x2182600, 2)
1.00134s 3 Ipv4L3Protocol:GetInterface(0x2182600, 2)
1.00134s 3 Ipv4L3Protocol:GetNAddresses(0x2182600, 2)
1.00134s 3 Ipv4L3Protocol:GetInterface(0x2182600, 2)
1.00134s 3 Ipv4L3Protocol:GetAddress(0x2182600, 2, 0)
1.00134s 3 Ipv4L3Protocol:GetInterface(0x2182600, 2)
1.00134s 3 Ipv4L3Protocol:GetNetDevice(0x2182600, 2)
1.00134s 3 Ipv4L3Protocol:GetInterface(0x2182600, 2)
1.00134s 3 Ipv4L3Protocol:Send(0x2182600, 0x2191340, 10.1.1.2, 10.1.1.1, 6, 0x2192c40)
1.00134s 3 Ipv4L3Protocol:Send(): [INFO ] Send From : 10.1.1.2 to : 10.1.1.160x2192c40
1.00134s 3 Ipv4L3Protocol:GetNAddresses(0x2182600, 0)
1.00134s 3 Ipv4L3Protocol:GetInterface(0x2182600, 0)
1.00134s 3 Ipv4L3Protocol:GetAddress(0x2182600, 0, 0)
1.00134s 3 Ipv4L3Protocol:GetInterface(0x2182600, 0)
1.00134s 3 Ipv4L3Protocol:Send(): [LOGIC] Testing address 127.0.0.1 with mask 255.0.0.0
1.00134s 3 Ipv4L3Protocol:GetNAddresses(0x2182600, 0)
1.00134s 3 Ipv4L3Protocol:GetInterface(0x2182600, 0)
1.00134s 3 Ipv4L3Protocol:GetNAddresses(0x2182600, 1)
1.00134s 3 Ipv4L3Protocol:GetInterface(0x2182600, 1)
1.00134s 3 Ipv4L3Protocol:GetAddress(0x2182600, 1, 0)
1.00134s 3 Ipv4L3Protocol:GetInterface(0x2182600, 1)
1.00134s 3 Ipv4L3Protocol:Send(): [LOGIC] Testing address 7.2.0.2 with mask 255.255.255.0
1.00134s 3 Ipv4L3Protocol:GetNAddresses(0x2182600, 1)
1.00134s 3 Ipv4L3Protocol:GetInterface(0x2182600, 1)
1.00134s 3 Ipv4L3Protocol:GetNAddresses(0x2182600, 2)
1.00134s 3 Ipv4L3Protocol:GetInterface(0x2182600, 2)
1.00134s 3 Ipv4L3Protocol:GetAddress(0x2182600, 2, 0)
1.00134s 3 Ipv4L3Protocol:GetInterface(0x2182600, 2)
1.00134s 3 Ipv4L3Protocol:Send(): [LOGIC] Testing address 10.1.1.2 with mask 255.255.255.0
1.00134s 3 Ipv4L3Protocol:GetNAddresses(0x2182600, 2)
1.00134s 3 Ipv4L3Protocol:GetInterface(0x2182600, 2)
1.00134s 3 Ipv4L3Protocol:Send(): [LOGIC] Ipv4L3Protocol::Send case 3:  passed in with route
1.00134s 3 Ipv4L3Protocol:BuildHeader(0x2182600, 10.1.1.2, 10.1.1.1, 6, 20, 64, 0, 1)
1.00134s 3 Ipv4L3Protocol:GetInterfaceForDevice(0x2182600, 0x2189cb0)
1.00134s 3 Ipv4L3Protocol:SendRealOut(0x2182600, 0x2192c40, 0x2192c60, 0x7fffc9ef58f0)
1.00134s 3 Ipv4L3Protocol:GetInterfaceForDevice(0x2182600, 0x2189cb0)
1.00134s 3 Ipv4L3Protocol:GetInterface(0x2182600, 2)
1.00134s 3 Ipv4L3Protocol:SendRealOut(): [LOGIC] Send via NetDevice ifIndex 2 ipv4InterfaceIndex 2
1.00134s 3 Ipv4L3Protocol:SendRealOut(): [LOGIC] Send to destination 10.1.1.1
1.00434s 3 Ipv4L3Protocol:SelectSourceAddress(0x2182600, 0x2189cb0, 10.1.1.1, 2)
1.00434s 3 Ipv4L3Protocol:GetInterfaceForDevice(0x2182600, 0x2189cb0)
1.00434s 3 Ipv4L3Protocol:GetNAddresses(0x2182600, 2)
1.00434s 3 Ipv4L3Protocol:GetInterface(0x2182600, 2)
1.00434s 3 Ipv4L3Protocol:GetAddress(0x2182600, 2, 0)
1.00434s 3 Ipv4L3Protocol:GetInterface(0x2182600, 2)
1.0049s 1 Ipv4L3Protocol:Receive(0x217ca10, 0x2185750, 0x21908e0, 2048, 02-06-00:00:00:00:00:06, 02-06-00:00:00:00:00:05, 0)
1.0049s 1 Ipv4L3Protocol:Receive(): [INFO ] Packet from 02-06-00:00:00:00:00:06 received on node 1
1.0049s 1 Ipv4L3Protocol:GetInterfaceForDevice(0x217ca10, 0x2185750)
1.0049s 1 Ipv4L3Protocol:GetInterfaceForDevice(0x217ca10, 0x2185750)
1.0049s 1 Ipv4L3Protocol:IsDestinationAddress(0x217ca10, 10.1.1.1, 2)
1.0049s 1 Ipv4L3Protocol:GetNAddresses(0x217ca10, 2)
1.0049s 1 Ipv4L3Protocol:GetInterface(0x217ca10, 2)
1.0049s 1 Ipv4L3Protocol:GetAddress(0x217ca10, 2, 0)
1.0049s 1 Ipv4L3Protocol:GetInterface(0x217ca10, 2)
1.0049s 1 Ipv4L3Protocol:IsDestinationAddress(): [LOGIC] For me (destination 10.1.1.1 match)
1.0049s 1 Ipv4L3Protocol:LocalDeliver(0x217ca10, 0x2190dd0, 0x7fffc9ef6fa0, 2)
1.0049s 1 Ipv4L3Protocol:GetProtocol(0x217ca10, 6)
1.0049s 1 Ipv4L3Protocol:GetInterface(0x217ca10, 2)
1.0049s 1 Ipv4L3Protocol:GetRoutingProtocol(0x217ca10)
1.0049s 1 Ipv4L3Protocol:GetRoutingProtocol(0x217ca10)
1.0049s 1 Ipv4L3Protocol:GetNAddresses(0x217ca10, 2)
1.0049s 1 Ipv4L3Protocol:GetInterface(0x217ca10, 2)
1.0049s 1 Ipv4L3Protocol:GetAddress(0x217ca10, 2, 0)
1.0049s 1 Ipv4L3Protocol:GetInterface(0x217ca10, 2)
1.0049s 1 Ipv4L3Protocol:GetNetDevice(0x217ca10, 2)
1.0049s 1 Ipv4L3Protocol:GetInterface(0x217ca10, 2)
1.0049s 1 Ipv4L3Protocol:GetNAddresses(0x217ca10, 2)
1.0049s 1 Ipv4L3Protocol:GetInterface(0x217ca10, 2)
1.0049s 1 Ipv4L3Protocol:GetAddress(0x217ca10, 2, 0)
1.0049s 1 Ipv4L3Protocol:GetInterface(0x217ca10, 2)
1.0049s 1 Ipv4L3Protocol:GetNetDevice(0x217ca10, 2)
1.0049s 1 Ipv4L3Protocol:GetInterface(0x217ca10, 2)
1.0049s 1 Ipv4L3Protocol:Send(0x217ca10, 0x21908e0, 10.1.1.1, 10.1.1.2, 6, 0x2192cd0)
1.0049s 1 Ipv4L3Protocol:Send(): [INFO ] Send From : 10.1.1.1 to : 10.1.1.260x2192cd0
1.0049s 1 Ipv4L3Protocol:GetNAddresses(0x217ca10, 0)
1.0049s 1 Ipv4L3Protocol:GetInterface(0x217ca10, 0)
1.0049s 1 Ipv4L3Protocol:GetAddress(0x217ca10, 0, 0)
1.0049s 1 Ipv4L3Protocol:GetInterface(0x217ca10, 0)
1.0049s 1 Ipv4L3Protocol:Send(): [LOGIC] Testing address 127.0.0.1 with mask 255.0.0.0
1.0049s 1 Ipv4L3Protocol:GetNAddresses(0x217ca10, 0)
1.0049s 1 Ipv4L3Protocol:GetInterface(0x217ca10, 0)
1.0049s 1 Ipv4L3Protocol:GetNAddresses(0x217ca10, 1)
1.0049s 1 Ipv4L3Protocol:GetInterface(0x217ca10, 1)
1.0049s 1 Ipv4L3Protocol:GetAddress(0x217ca10, 1, 0)
1.0049s 1 Ipv4L3Protocol:GetInterface(0x217ca10, 1)
1.0049s 1 Ipv4L3Protocol:Send(): [LOGIC] Testing address 7.1.0.2 with mask 255.255.255.0
1.0049s 1 Ipv4L3Protocol:GetNAddresses(0x217ca10, 1)
1.0049s 1 Ipv4L3Protocol:GetInterface(0x217ca10, 1)
1.0049s 1 Ipv4L3Protocol:GetNAddresses(0x217ca10, 2)
1.0049s 1 Ipv4L3Protocol:GetInterface(0x217ca10, 2)
1.0049s 1 Ipv4L3Protocol:GetAddress(0x217ca10, 2, 0)
1.0049s 1 Ipv4L3Protocol:GetInterface(0x217ca10, 2)
1.0049s 1 Ipv4L3Protocol:Send(): [LOGIC] Testing address 10.1.1.1 with mask 255.255.255.0
1.0049s 1 Ipv4L3Protocol:GetNAddresses(0x217ca10, 2)
1.0049s 1 Ipv4L3Protocol:GetInterface(0x217ca10, 2)
1.0049s 1 Ipv4L3Protocol:Send(): [LOGIC] Ipv4L3Protocol::Send case 3:  passed in with route
1.0049s 1 Ipv4L3Protocol:BuildHeader(0x217ca10, 10.1.1.1, 10.1.1.2, 6, 20, 64, 0, 1)
1.0049s 1 Ipv4L3Protocol:GetInterfaceForDevice(0x217ca10, 0x2185750)
1.0049s 1 Ipv4L3Protocol:SendRealOut(0x217ca10, 0x2192cd0, 0x2190dd0, 0x7fffc9ef7b80)
1.0049s 1 Ipv4L3Protocol:GetInterfaceForDevice(0x217ca10, 0x2185750)
1.0049s 1 Ipv4L3Protocol:GetInterface(0x217ca10, 2)
1.0049s 1 Ipv4L3Protocol:SendRealOut(): [LOGIC] Send via NetDevice ifIndex 2 ipv4InterfaceIndex 2
1.0049s 1 Ipv4L3Protocol:SendRealOut(): [LOGIC] Send to destination 10.1.1.2
1.00545s 3 Ipv4L3Protocol:Receive(0x2182600, 0x2189cb0, 0x2190950, 2048, 02-06-00:00:00:00:00:05, 02-06-00:00:00:00:00:06, 0)
1.00545s 3 Ipv4L3Protocol:Receive(): [INFO ] Packet from 02-06-00:00:00:00:00:05 received on node 3
1.00545s 3 Ipv4L3Protocol:GetInterfaceForDevice(0x2182600, 0x2189cb0)
1.00545s 3 Ipv4L3Protocol:GetInterfaceForDevice(0x2182600, 0x2189cb0)
1.00545s 3 Ipv4L3Protocol:IsDestinationAddress(0x2182600, 10.1.1.2, 2)
1.00545s 3 Ipv4L3Protocol:GetNAddresses(0x2182600, 2)
1.00545s 3 Ipv4L3Protocol:GetInterface(0x2182600, 2)
1.00545s 3 Ipv4L3Protocol:GetAddress(0x2182600, 2, 0)
1.00545s 3 Ipv4L3Protocol:GetInterface(0x2182600, 2)
1.00545s 3 Ipv4L3Protocol:IsDestinationAddress(): [LOGIC] For me (destination 10.1.1.2 match)
1.00545s 3 Ipv4L3Protocol:LocalDeliver(0x2182600, 0x21927f0, 0x7fffc9ef6fa0, 2)
1.00545s 3 Ipv4L3Protocol:GetProtocol(0x2182600, 6)
1.00545s 3 Ipv4L3Protocol:GetInterface(0x2182600, 2)
1.8s 1 OnOffApplication:SendPacket(): [INFO ] At time 1.8s on-off application sent 1200 bytes to 10.1.1.2 port 0 total Tx 1200 bytes
2.6s 1 OnOffApplication:SendPacket(): [INFO ] At time 2.6s on-off application sent 1200 bytes to 10.1.1.2 port 0 total Tx 2400 bytes
3.4s 1 OnOffApplication:SendPacket(): [INFO ] At time 3.4s on-off application sent 1200 bytes to 10.1.1.2 port 0 total Tx 3600 bytes
4.2s 1 OnOffApplication:SendPacket(): [INFO ] At time 4.2s on-off application sent 1200 bytes to 10.1.1.2 port 0 total Tx 4800 bytes
5s 1 OnOffApplication:SendPacket(): [INFO ] At time 5s on-off application sent 1200 bytes to 10.1.1.2 port 0 total Tx 6000 bytes
5.8s 1 OnOffApplication:SendPacket(): [INFO ] At time 5.8s on-off application sent 1200 bytes to 10.1.1.2 port 0 total Tx 7200 bytes
6.6s 1 OnOffApplication:SendPacket(): [INFO ] At time 6.6s on-off application sent 1200 bytes to 10.1.1.2 port 0 total Tx 8400 bytes
7.4s 1 OnOffApplication:SendPacket(): [INFO ] At time 7.4s on-off application sent 1200 bytes to 10.1.1.2 port 0 total Tx 9600 bytes
8.2s 1 OnOffApplication:SendPacket(): [INFO ] At time 8.2s on-off application sent 1200 bytes to 10.1.1.2 port 0 total Tx 10800 bytes
9s 1 OnOffApplication:SendPacket(): [INFO ] At time 9s on-off application sent 1200 bytes to 10.1.1.2 port 0 total Tx 12000 bytes
9.8s 1 OnOffApplication:SendPacket(): [INFO ] At time 9.8s on-off application sent 1200 bytes to 10.1.1.2 port 0 total Tx 13200 bytes
Interrupted 
